<?xml version="1.0" encoding="UTF-8"?>
<testsuite name="partA_Web_Service_API.F2Test" tests="3" skipped="0" failures="1" errors="0" timestamp="2024-05-10T10:58:43" hostname="Tadhgs-MacBook-Pro.local" time="0.941">
  <properties/>
  <testcase name="testGetCurrentAdmissionsSuccess()" classname="partA_Web_Service_API.F2Test" time="0.788">
    <failure message="org.opentest4j.AssertionFailedError: expected: &lt;[{&quot;id&quot;:1,&quot;dischargeDate&quot;:&quot;&quot;},{&quot;id&quot;:3,&quot;dischargeDate&quot;:&quot;&quot;}]&gt; but was: &lt;[{&quot;dischargeDate&quot;:&quot;&quot;,&quot;id&quot;:1},{&quot;dischargeDate&quot;:&quot;&quot;,&quot;id&quot;:3}]&gt;" type="org.opentest4j.AssertionFailedError">org.opentest4j.AssertionFailedError: expected: &lt;[{&quot;id&quot;:1,&quot;dischargeDate&quot;:&quot;&quot;},{&quot;id&quot;:3,&quot;dischargeDate&quot;:&quot;&quot;}]&gt; but was: &lt;[{&quot;dischargeDate&quot;:&quot;&quot;,&quot;id&quot;:1},{&quot;dischargeDate&quot;:&quot;&quot;,&quot;id&quot;:3}]&gt;
	at app//org.junit.jupiter.api.AssertionFailureBuilder.build(AssertionFailureBuilder.java:151)
	at app//org.junit.jupiter.api.AssertionFailureBuilder.buildAndThrow(AssertionFailureBuilder.java:132)
	at app//org.junit.jupiter.api.AssertEquals.failNotEqual(AssertEquals.java:197)
	at app//org.junit.jupiter.api.AssertEquals.assertEquals(AssertEquals.java:182)
	at app//org.junit.jupiter.api.AssertEquals.assertEquals(AssertEquals.java:177)
	at app//org.junit.jupiter.api.Assertions.assertEquals(Assertions.java:1142)
	at app//partA_Web_Service_API.F2Test.testGetCurrentAdmissionsSuccess(F2Test.java:46)
	at java.base@17.0.11/jdk.internal.reflect.NativeMethodAccessorImpl.invoke0(Native Method)
	at java.base@17.0.11/jdk.internal.reflect.NativeMethodAccessorImpl.invoke(NativeMethodAccessorImpl.java:77)
	at java.base@17.0.11/jdk.internal.reflect.DelegatingMethodAccessorImpl.invoke(DelegatingMethodAccessorImpl.java:43)
	at java.base@17.0.11/java.lang.reflect.Method.invoke(Method.java:568)
	at app//org.junit.platform.commons.util.ReflectionUtils.invokeMethod(ReflectionUtils.java:727)
	at app//org.junit.jupiter.engine.execution.MethodInvocation.proceed(MethodInvocation.java:60)
	at app//org.junit.jupiter.engine.execution.InvocationInterceptorChain$ValidatingInvocation.proceed(InvocationInterceptorChain.java:131)
	at app//org.junit.jupiter.engine.extension.TimeoutExtension.intercept(TimeoutExtension.java:156)
	at app//org.junit.jupiter.engine.extension.TimeoutExtension.interceptTestableMethod(TimeoutExtension.java:147)
	at app//org.junit.jupiter.engine.extension.TimeoutExtension.interceptTestMethod(TimeoutExtension.java:86)
	at app//org.junit.jupiter.engine.execution.InterceptingExecutableInvoker$ReflectiveInterceptorCall.lambda$ofVoidMethod$0(InterceptingExecutableInvoker.java:103)
	at app//org.junit.jupiter.engine.execution.InterceptingExecutableInvoker.lambda$invoke$0(InterceptingExecutableInvoker.java:93)
	at app//org.junit.jupiter.engine.execution.InvocationInterceptorChain$InterceptedInvocation.proceed(InvocationInterceptorChain.java:106)
	at app//org.junit.jupiter.engine.execution.InvocationInterceptorChain.proceed(InvocationInterceptorChain.java:64)
	at app//org.junit.jupiter.engine.execution.InvocationInterceptorChain.chainAndInvoke(InvocationInterceptorChain.java:45)
	at app//org.junit.jupiter.engine.execution.InvocationInterceptorChain.invoke(InvocationInterceptorChain.java:37)
	at app//org.junit.jupiter.engine.execution.InterceptingExecutableInvoker.invoke(InterceptingExecutableInvoker.java:92)
	at app//org.junit.jupiter.engine.execution.InterceptingExecutableInvoker.invoke(InterceptingExecutableInvoker.java:86)
	at app//org.junit.jupiter.engine.descriptor.TestMethodTestDescriptor.lambda$invokeTestMethod$7(TestMethodTestDescriptor.java:217)
	at app//org.junit.platform.engine.support.hierarchical.ThrowableCollector.execute(ThrowableCollector.java:73)
	at app//org.junit.jupiter.engine.descriptor.TestMethodTestDescriptor.invokeTestMethod(TestMethodTestDescriptor.java:213)
	at app//org.junit.jupiter.engine.descriptor.TestMethodTestDescriptor.execute(TestMethodTestDescriptor.java:138)
	at app//org.junit.jupiter.engine.descriptor.TestMethodTestDescriptor.execute(TestMethodTestDescriptor.java:68)
	at app//org.junit.platform.engine.support.hierarchical.NodeTestTask.lambda$executeRecursively$6(NodeTestTask.java:151)
	at app//org.junit.platform.engine.support.hierarchical.ThrowableCollector.execute(ThrowableCollector.java:73)
	at app//org.junit.platform.engine.support.hierarchical.NodeTestTask.lambda$executeRecursively$8(NodeTestTask.java:141)
	at app//org.junit.platform.engine.support.hierarchical.Node.around(Node.java:137)
	at app//org.junit.platform.engine.support.hierarchical.NodeTestTask.lambda$executeRecursively$9(NodeTestTask.java:139)
	at app//org.junit.platform.engine.support.hierarchical.ThrowableCollector.execute(ThrowableCollector.java:73)
	at app//org.junit.platform.engine.support.hierarchical.NodeTestTask.executeRecursively(NodeTestTask.java:138)
	at app//org.junit.platform.engine.support.hierarchical.NodeTestTask.execute(NodeTestTask.java:95)
	at java.base@17.0.11/java.util.ArrayList.forEach(ArrayList.java:1511)
	at app//org.junit.platform.engine.support.hierarchical.SameThreadHierarchicalTestExecutorService.invokeAll(SameThreadHierarchicalTestExecutorService.java:41)
	at app//org.junit.platform.engine.support.hierarchical.NodeTestTask.lambda$executeRecursively$6(NodeTestTask.java:155)
	at app//org.junit.platform.engine.support.hierarchical.ThrowableCollector.execute(ThrowableCollector.java:73)
	at app//org.junit.platform.engine.support.hierarchical.NodeTestTask.lambda$executeRecursively$8(NodeTestTask.java:141)
	at app//org.junit.platform.engine.support.hierarchical.Node.around(Node.java:137)
	at app//org.junit.platform.engine.support.hierarchical.NodeTestTask.lambda$executeRecursively$9(NodeTestTask.java:139)
	at app//org.junit.platform.engine.support.hierarchical.ThrowableCollector.execute(ThrowableCollector.java:73)
	at app//org.junit.platform.engine.support.hierarchical.NodeTestTask.executeRecursively(NodeTestTask.java:138)
	at app//org.junit.platform.engine.support.hierarchical.NodeTestTask.execute(NodeTestTask.java:95)
	at java.base@17.0.11/java.util.ArrayList.forEach(ArrayList.java:1511)
	at app//org.junit.platform.engine.support.hierarchical.SameThreadHierarchicalTestExecutorService.invokeAll(SameThreadHierarchicalTestExecutorService.java:41)
	at app//org.junit.platform.engine.support.hierarchical.NodeTestTask.lambda$executeRecursively$6(NodeTestTask.java:155)
	at app//org.junit.platform.engine.support.hierarchical.ThrowableCollector.execute(ThrowableCollector.java:73)
	at app//org.junit.platform.engine.support.hierarchical.NodeTestTask.lambda$executeRecursively$8(NodeTestTask.java:141)
	at app//org.junit.platform.engine.support.hierarchical.Node.around(Node.java:137)
	at app//org.junit.platform.engine.support.hierarchical.NodeTestTask.lambda$executeRecursively$9(NodeTestTask.java:139)
	at app//org.junit.platform.engine.support.hierarchical.ThrowableCollector.execute(ThrowableCollector.java:73)
	at app//org.junit.platform.engine.support.hierarchical.NodeTestTask.executeRecursively(NodeTestTask.java:138)
	at app//org.junit.platform.engine.support.hierarchical.NodeTestTask.execute(NodeTestTask.java:95)
	at app//org.junit.platform.engine.support.hierarchical.SameThreadHierarchicalTestExecutorService.submit(SameThreadHierarchicalTestExecutorService.java:35)
	at app//org.junit.platform.engine.support.hierarchical.HierarchicalTestExecutor.execute(HierarchicalTestExecutor.java:57)
	at app//org.junit.platform.engine.support.hierarchical.HierarchicalTestEngine.execute(HierarchicalTestEngine.java:54)
	at app//org.junit.platform.launcher.core.EngineExecutionOrchestrator.execute(EngineExecutionOrchestrator.java:107)
	at app//org.junit.platform.launcher.core.EngineExecutionOrchestrator.execute(EngineExecutionOrchestrator.java:88)
	at app//org.junit.platform.launcher.core.EngineExecutionOrchestrator.lambda$execute$0(EngineExecutionOrchestrator.java:54)
	at app//org.junit.platform.launcher.core.EngineExecutionOrchestrator.withInterceptedStreams(EngineExecutionOrchestrator.java:67)
	at app//org.junit.platform.launcher.core.EngineExecutionOrchestrator.execute(EngineExecutionOrchestrator.java:52)
	at app//org.junit.platform.launcher.core.DefaultLauncher.execute(DefaultLauncher.java:114)
	at app//org.junit.platform.launcher.core.DefaultLauncher.execute(DefaultLauncher.java:86)
	at app//org.junit.platform.launcher.core.DefaultLauncherSession$DelegatingLauncher.execute(DefaultLauncherSession.java:86)
	at org.gradle.api.internal.tasks.testing.junitplatform.JUnitPlatformTestClassProcessor$CollectAllTestClassesExecutor.processAllTestClasses(JUnitPlatformTestClassProcessor.java:110)
	at org.gradle.api.internal.tasks.testing.junitplatform.JUnitPlatformTestClassProcessor$CollectAllTestClassesExecutor.access$000(JUnitPlatformTestClassProcessor.java:90)
	at org.gradle.api.internal.tasks.testing.junitplatform.JUnitPlatformTestClassProcessor.stop(JUnitPlatformTestClassProcessor.java:85)
	at org.gradle.api.internal.tasks.testing.SuiteTestClassProcessor.stop(SuiteTestClassProcessor.java:62)
	at java.base@17.0.11/jdk.internal.reflect.NativeMethodAccessorImpl.invoke0(Native Method)
	at java.base@17.0.11/jdk.internal.reflect.NativeMethodAccessorImpl.invoke(NativeMethodAccessorImpl.java:77)
	at java.base@17.0.11/jdk.internal.reflect.DelegatingMethodAccessorImpl.invoke(DelegatingMethodAccessorImpl.java:43)
	at java.base@17.0.11/java.lang.reflect.Method.invoke(Method.java:568)
	at org.gradle.internal.dispatch.ReflectionDispatch.dispatch(ReflectionDispatch.java:36)
	at org.gradle.internal.dispatch.ReflectionDispatch.dispatch(ReflectionDispatch.java:24)
	at org.gradle.internal.dispatch.ContextClassLoaderDispatch.dispatch(ContextClassLoaderDispatch.java:33)
	at org.gradle.internal.dispatch.ProxyDispatchAdapter$DispatchingInvocationHandler.invoke(ProxyDispatchAdapter.java:94)
	at jdk.proxy1/jdk.proxy1.$Proxy2.stop(Unknown Source)
	at org.gradle.api.internal.tasks.testing.worker.TestWorker$3.run(TestWorker.java:193)
	at org.gradle.api.internal.tasks.testing.worker.TestWorker.executeAndMaintainThreadName(TestWorker.java:129)
	at org.gradle.api.internal.tasks.testing.worker.TestWorker.execute(TestWorker.java:100)
	at org.gradle.api.internal.tasks.testing.worker.TestWorker.execute(TestWorker.java:60)
	at org.gradle.process.internal.worker.child.ActionExecutionWorker.execute(ActionExecutionWorker.java:56)
	at org.gradle.process.internal.worker.child.SystemApplicationClassLoaderWorker.call(SystemApplicationClassLoaderWorker.java:113)
	at org.gradle.process.internal.worker.child.SystemApplicationClassLoaderWorker.call(SystemApplicationClassLoaderWorker.java:65)
	at app//worker.org.gradle.process.internal.worker.GradleWorkerMain.run(GradleWorkerMain.java:69)
	at app//worker.org.gradle.process.internal.worker.GradleWorkerMain.main(GradleWorkerMain.java:74)
</failure>
  </testcase>
  <testcase name="testServerError()" classname="partA_Web_Service_API.F2Test" time="0.086"/>
  <testcase name="testGetCurrentAdmissionsEmpty()" classname="partA_Web_Service_API.F2Test" time="0.064"/>
  <system-out><![CDATA[11:58:43.507 [Test worker] DEBUG org.eclipse.jetty.util.log - Logging to Logger[org.eclipse.jetty.util.log] via org.eclipse.jetty.util.log.Slf4jLog
11:58:43.517 [Test worker] INFO org.eclipse.jetty.util.log - Logging initialized @761ms to org.eclipse.jetty.util.log.Slf4jLog
11:58:43.525 [Test worker] DEBUG org.eclipse.jetty.util.component.ContainerLifeCycle - Server@48c35007{STOPPED}[9.4.31.v20200723] added {QueuedThreadPool[qtp878861517]@34625ccd{STOPPED,8<=0<=14,i=0,r=-1,q=0}[NO_TRY],AUTO}
11:58:43.534 [Test worker] DEBUG org.eclipse.jetty.util.component.ContainerLifeCycle - HttpConnectionFactory@5b970f7[HTTP/1.1] added {HttpConfiguration@7fd4acee{32768/8192,8192/8192,https://:0,[SecureRequestCustomizer@165b8a71]},POJO}
11:58:43.541 [Test worker] DEBUG org.eclipse.jetty.util.component.ContainerLifeCycle - NetworkTrafficServerConnector@4602c2a9{null, ()}{0.0.0.0:0} added {Server@48c35007{STOPPED}[9.4.31.v20200723],UNMANAGED}
11:58:43.541 [Test worker] DEBUG org.eclipse.jetty.util.component.ContainerLifeCycle - NetworkTrafficServerConnector@4602c2a9{null, ()}{0.0.0.0:0} added {QueuedThreadPool[qtp878861517]@34625ccd{STOPPED,8<=0<=14,i=0,r=-1,q=0}[NO_TRY],AUTO}
11:58:43.541 [Test worker] DEBUG org.eclipse.jetty.util.component.ContainerLifeCycle - NetworkTrafficServerConnector@4602c2a9{null, ()}{0.0.0.0:0} added {ScheduledExecutorScheduler@5b6813df{STOPPED},AUTO}
11:58:43.542 [Test worker] DEBUG org.eclipse.jetty.util.component.ContainerLifeCycle - NetworkTrafficServerConnector@4602c2a9{null, ()}{0.0.0.0:0} added {org.eclipse.jetty.io.ArrayByteBufferPool@5f2606b,POJO}
11:58:43.542 [Test worker] DEBUG org.eclipse.jetty.util.component.ContainerLifeCycle - NetworkTrafficServerConnector@4602c2a9{null, (http/1.1)}{0.0.0.0:0} added {HttpConnectionFactory@5b970f7[HTTP/1.1],AUTO}
11:58:43.542 [Test worker] DEBUG org.eclipse.jetty.server.AbstractConnector - NetworkTrafficServerConnector@4602c2a9{HTTP/1.1, (http/1.1)}{0.0.0.0:0} added HttpConnectionFactory@5b970f7[HTTP/1.1]
11:58:43.544 [Test worker] DEBUG org.eclipse.jetty.util.component.ContainerLifeCycle - NetworkTrafficServerConnector@4602c2a9{HTTP/1.1, (http/1.1)}{0.0.0.0:0} added {SelectorManager@NetworkTrafficServerConnector@4602c2a9{HTTP/1.1, (http/1.1)}{0.0.0.0:0},MANAGED}
11:58:43.544 [Test worker] DEBUG org.eclipse.jetty.util.component.ContainerLifeCycle - Server@48c35007{STOPPED}[9.4.31.v20200723] added {NetworkTrafficServerConnector@4602c2a9{HTTP/1.1, (http/1.1)}{0.0.0.0:8081},AUTO}
11:58:43.552 [Test worker] DEBUG org.eclipse.jetty.util.component.ContainerLifeCycle - Server@48c35007{STOPPED}[9.4.31.v20200723] added {o.e.j.s.ServletContextHandler@3a1d593e{/__admin,null,UNAVAILABLE},MANAGED}
11:58:43.554 [Test worker] DEBUG org.eclipse.jetty.util.DecoratedObjectFactory - Adding Decorator: org.eclipse.jetty.util.DeprecationWarning@32232e55
11:58:43.556 [Test worker] DEBUG org.eclipse.jetty.util.component.ContainerLifeCycle - o.e.j.s.ServletContextHandler@3a1d593e{/__admin,null,UNAVAILABLE} added {ServletHandler@18e7143f{STOPPED},MANAGED}
11:58:43.559 [Test worker] DEBUG org.eclipse.jetty.util.component.ContainerLifeCycle - ServletHandler@18e7143f{STOPPED} added {org.eclipse.jetty.servlet.DefaultServlet-f19c9d2@cdc90213==org.eclipse.jetty.servlet.DefaultServlet,jsp=null,order=-1,inst=false,async=true,AUTO}
11:58:43.559 [Test worker] DEBUG org.eclipse.jetty.util.component.ContainerLifeCycle - ServletHandler@18e7143f{STOPPED} added {[/swagger-ui/*]=>org.eclipse.jetty.servlet.DefaultServlet-f19c9d2,POJO}
11:58:43.560 [Test worker] DEBUG org.eclipse.jetty.util.component.ContainerLifeCycle - ServletHandler@18e7143f{STOPPED} added {org.eclipse.jetty.servlet.DefaultServlet-a1217f9@c4d0737c==org.eclipse.jetty.servlet.DefaultServlet,jsp=null,order=-1,inst=false,async=true,AUTO}
11:58:43.560 [Test worker] DEBUG org.eclipse.jetty.util.component.ContainerLifeCycle - ServletHandler@18e7143f{STOPPED} added {[/recorder/*]=>org.eclipse.jetty.servlet.DefaultServlet-a1217f9,POJO}
11:58:43.561 [Test worker] DEBUG org.eclipse.jetty.util.component.ContainerLifeCycle - ServletHandler@18e7143f{STOPPED} added {com.github.tomakehurst.wiremock.servlet.WireMockHandlerDispatchingServlet-2baa8d82@937f5784==com.github.tomakehurst.wiremock.servlet.WireMockHandlerDispatchingServlet,jsp=null,order=-1,inst=false,async=true,AUTO}
11:58:43.561 [Test worker] DEBUG org.eclipse.jetty.util.component.ContainerLifeCycle - ServletHandler@18e7143f{STOPPED} added {[/]=>com.github.tomakehurst.wiremock.servlet.WireMockHandlerDispatchingServlet-2baa8d82,POJO}
11:58:43.563 [Test worker] DEBUG org.eclipse.jetty.util.component.ContainerLifeCycle - ServletHandler@18e7143f{STOPPED} added {org.eclipse.jetty.servlets.CrossOriginFilter-49f5c307@49f5c307==org.eclipse.jetty.servlets.CrossOriginFilter,inst=false,async=true,AUTO}
11:58:43.566 [Test worker] DEBUG org.eclipse.jetty.util.component.ContainerLifeCycle - ServletHandler@18e7143f{STOPPED} added {[/*]/[]/[REQUEST]=>org.eclipse.jetty.servlets.CrossOriginFilter-49f5c307,POJO}
11:58:43.566 [Test worker] DEBUG org.eclipse.jetty.util.component.ContainerLifeCycle - Server@48c35007{STOPPED}[9.4.31.v20200723] added {o.e.j.s.ServletContextHandler@70fab835{/,null,UNAVAILABLE},MANAGED}
11:58:43.566 [Test worker] DEBUG org.eclipse.jetty.util.DecoratedObjectFactory - Adding Decorator: org.eclipse.jetty.util.DeprecationWarning@1b0a7baf
11:58:43.567 [Test worker] DEBUG org.eclipse.jetty.util.component.ContainerLifeCycle - o.e.j.s.ServletContextHandler@70fab835{/,null,UNAVAILABLE} added {ServletHandler@62417a16{STOPPED},MANAGED}
11:58:43.567 [Test worker] DEBUG org.eclipse.jetty.util.component.ContainerLifeCycle - ServletHandler@62417a16{STOPPED} added {org.eclipse.jetty.servlet.DefaultServlet-32057e6@450c48c5==org.eclipse.jetty.servlet.DefaultServlet,jsp=null,order=-1,inst=false,async=true,AUTO}
11:58:43.567 [Test worker] DEBUG org.eclipse.jetty.util.component.ContainerLifeCycle - ServletHandler@62417a16{STOPPED} added {[/__files/*]=>org.eclipse.jetty.servlet.DefaultServlet-32057e6,POJO}
11:58:43.568 [Test worker] DEBUG org.eclipse.jetty.util.component.ContainerLifeCycle - ServletHandler@62417a16{STOPPED} added {com.github.tomakehurst.wiremock.servlet.WireMockHandlerDispatchingServlet-2fd1731c@6991393d==com.github.tomakehurst.wiremock.servlet.WireMockHandlerDispatchingServlet,jsp=null,order=-1,inst=false,async=true,AUTO}
11:58:43.568 [Test worker] DEBUG org.eclipse.jetty.util.component.ContainerLifeCycle - ServletHandler@62417a16{STOPPED} added {[/]=>com.github.tomakehurst.wiremock.servlet.WireMockHandlerDispatchingServlet-2fd1731c,POJO}
11:58:43.571 [Test worker] DEBUG org.eclipse.jetty.http.PreEncodedHttpField - HttpField encoders loaded: [org.eclipse.jetty.http2.hpack.HpackFieldPreEncoder@16423501, org.eclipse.jetty.http.Http1FieldPreEncoder@4efcf8a]
11:58:43.582 [Test worker] DEBUG org.eclipse.jetty.util.component.ContainerLifeCycle - o.e.j.s.ServletContextHandler@70fab835{/,null,UNAVAILABLE} added {NotFoundHandler@7fb9f71f{STOPPED},MANAGED}
11:58:43.583 [Test worker] DEBUG org.eclipse.jetty.util.component.ContainerLifeCycle - ServletHandler@62417a16{STOPPED} added {com.github.tomakehurst.wiremock.servlet.ContentTypeSettingFilter-514eedd8@514eedd8==com.github.tomakehurst.wiremock.servlet.ContentTypeSettingFilter,inst=false,async=true,AUTO}
11:58:43.583 [Test worker] DEBUG org.eclipse.jetty.util.component.ContainerLifeCycle - ServletHandler@62417a16{STOPPED} added {[/__files/*]/[]/[FORWARD]=>com.github.tomakehurst.wiremock.servlet.ContentTypeSettingFilter-514eedd8,POJO}
11:58:43.583 [Test worker] DEBUG org.eclipse.jetty.util.component.ContainerLifeCycle - ServletHandler@62417a16{STOPPED} added {com.github.tomakehurst.wiremock.servlet.TrailingSlashFilter-3af4e0bf@3af4e0bf==com.github.tomakehurst.wiremock.servlet.TrailingSlashFilter,inst=false,async=true,AUTO}
11:58:43.583 [Test worker] DEBUG org.eclipse.jetty.util.component.ContainerLifeCycle - ServletHandler@62417a16{STOPPED} added {[/__files/*]/[]/[ASYNC, REQUEST, INCLUDE, FORWARD, ERROR]=>com.github.tomakehurst.wiremock.servlet.TrailingSlashFilter-3af4e0bf,POJO}
11:58:43.586 [Test worker] DEBUG org.eclipse.jetty.util.component.ContainerLifeCycle - HandlerCollection@3d3f761a{STOPPED} added {o.e.j.s.ServletContextHandler@3a1d593e{/__admin,null,UNAVAILABLE},AUTO}
11:58:43.590 [Test worker] DEBUG org.eclipse.jetty.http.pathmap.PathMappings - Added MappedResource[pathSpec=ServletPathSpec@4a69d1f9{*.svgz},resource=true] to PathMappings[size=1]
11:58:43.590 [Test worker] DEBUG org.eclipse.jetty.server.handler.gzip.GzipHandler - GzipHandler@77cf3f8b{STOPPED,min=32,inflate=-1} mime types IncludeExclude@1df98368{i=[],ip=CONTAINS,e=[image/ief, image/vnd.wap.wbmp, image/jpeg, application/bzip2, image/x-portable-graymap, application/brotli, image/bmp, image/gif, image/x-icon, audio/midi, video/x-msvideo, image/x-xbitmap, application/x-rar-compressed, image/x-portable-bitmap, image/x-rgb, image/x-cmu-raster, application/gzip, audio/x-wav, audio/x-pn-realaudio, audio/basic, application/compress, audio/x-aiff, video/x.ms.asx, video/x.ms.asf, image/png, video/vnd.rn-realvideo, image/x-xwindowdump, image/jpeg2000, video/x-sgi-movie, audio/mpeg, image/xcf, video/mpeg, image/x-portable-pixmap, image/tiff, image/x-portable-anymap, image/x-xpixmap, application/zip, video/quicktime, application/x-xz, video/mp4],ep=CONTAINS}
11:58:43.592 [Test worker] DEBUG org.eclipse.jetty.util.component.ContainerLifeCycle - GzipHandler@77cf3f8b{STOPPED,min=32,inflate=-1} added {o.e.j.s.ServletContextHandler@70fab835{/,null,UNAVAILABLE},MANAGED}
11:58:43.592 [Test worker] DEBUG org.eclipse.jetty.util.component.ContainerLifeCycle - HandlerCollection@3d3f761a{STOPPED} added {GzipHandler@77cf3f8b{STOPPED,min=32,inflate=-1},AUTO}
11:58:43.593 [Test worker] DEBUG org.eclipse.jetty.util.component.ContainerLifeCycle - Server@48c35007{STOPPED}[9.4.31.v20200723] added {HandlerCollection@3d3f761a{STOPPED},MANAGED}
11:58:43.596 [Test worker] DEBUG org.eclipse.jetty.util.component.AbstractLifeCycle - starting Server@48c35007{STOPPED}[9.4.31.v20200723]
11:58:43.597 [Test worker] DEBUG org.eclipse.jetty.util.component.ContainerLifeCycle - Server@48c35007{STARTING}[9.4.31.v20200723] added {ErrorHandler@7d373bcf{STOPPED},AUTO}
11:58:43.598 [Test worker] INFO org.eclipse.jetty.server.Server - jetty-9.4.31.v20200723; built: 2020-07-23T17:57:36.812Z; git: 450ba27947e13e66baa8cd1ce7e85a4461cacc1d; jvm 17.0.11+0
11:58:43.602 [Test worker] DEBUG org.eclipse.jetty.server.handler.AbstractHandler - starting Server@48c35007{STARTING}[9.4.31.v20200723]
11:58:43.602 [Test worker] DEBUG org.eclipse.jetty.util.component.AbstractLifeCycle - starting QueuedThreadPool[qtp878861517]@34625ccd{STOPPED,8<=0<=14,i=0,r=-1,q=0}[NO_TRY]
11:58:43.603 [Test worker] DEBUG org.eclipse.jetty.util.thread.ReservedThreadExecutor - ReservedThreadExecutor@35038141{s=0/1,p=0}
11:58:43.603 [Test worker] DEBUG org.eclipse.jetty.util.component.ContainerLifeCycle - QueuedThreadPool[qtp878861517]@34625ccd{STARTING,8<=0<=14,i=0,r=-1,q=0}[ReservedThreadExecutor@35038141{s=0/1,p=0}] added {ReservedThreadExecutor@35038141{s=0/1,p=0},AUTO}
11:58:43.603 [Test worker] DEBUG org.eclipse.jetty.util.component.AbstractLifeCycle - starting ReservedThreadExecutor@35038141{s=0/1,p=0}
11:58:43.605 [Test worker] DEBUG org.eclipse.jetty.util.component.AbstractLifeCycle - STARTED @849ms ReservedThreadExecutor@35038141{s=0/1,p=0}
11:58:43.605 [Test worker] DEBUG org.eclipse.jetty.util.thread.QueuedThreadPool - Starting Thread[qtp878861517-26,5,main]
11:58:43.605 [Test worker] DEBUG org.eclipse.jetty.util.thread.QueuedThreadPool - Starting Thread[qtp878861517-27,5,main]
11:58:43.605 [Test worker] DEBUG org.eclipse.jetty.util.thread.QueuedThreadPool - Starting Thread[qtp878861517-28,5,main]
11:58:43.605 [qtp878861517-26] DEBUG org.eclipse.jetty.util.thread.QueuedThreadPool - Runner started for QueuedThreadPool[qtp878861517]@34625ccd{STARTING,8<=2<=14,i=2,r=-1,q=0}[ReservedThreadExecutor@35038141{s=0/1,p=0}]
11:58:43.606 [Test worker] DEBUG org.eclipse.jetty.util.thread.QueuedThreadPool - Starting Thread[qtp878861517-29,5,main]
11:58:43.606 [qtp878861517-27] DEBUG org.eclipse.jetty.util.thread.QueuedThreadPool - Runner started for QueuedThreadPool[qtp878861517]@34625ccd{STARTING,8<=3<=14,i=3,r=-1,q=0}[ReservedThreadExecutor@35038141{s=0/1,p=0}]
11:58:43.606 [qtp878861517-28] DEBUG org.eclipse.jetty.util.thread.QueuedThreadPool - Runner started for QueuedThreadPool[qtp878861517]@34625ccd{STARTING,8<=4<=14,i=4,r=-1,q=0}[ReservedThreadExecutor@35038141{s=0/1,p=0}]
11:58:43.606 [Test worker] DEBUG org.eclipse.jetty.util.thread.QueuedThreadPool - Starting Thread[qtp878861517-30,5,main]
11:58:43.606 [qtp878861517-29] DEBUG org.eclipse.jetty.util.thread.QueuedThreadPool - Runner started for QueuedThreadPool[qtp878861517]@34625ccd{STARTING,8<=5<=14,i=5,r=-1,q=0}[ReservedThreadExecutor@35038141{s=0/1,p=0}]
11:58:43.606 [Test worker] DEBUG org.eclipse.jetty.util.thread.QueuedThreadPool - Starting Thread[qtp878861517-31,5,main]
11:58:43.607 [Test worker] DEBUG org.eclipse.jetty.util.thread.QueuedThreadPool - Starting Thread[qtp878861517-32,5,main]
11:58:43.607 [qtp878861517-30] DEBUG org.eclipse.jetty.util.thread.QueuedThreadPool - Runner started for QueuedThreadPool[qtp878861517]@34625ccd{STARTING,8<=6<=14,i=6,r=-1,q=0}[ReservedThreadExecutor@35038141{s=0/1,p=0}]
11:58:43.607 [qtp878861517-31] DEBUG org.eclipse.jetty.util.thread.QueuedThreadPool - Runner started for QueuedThreadPool[qtp878861517]@34625ccd{STARTING,8<=7<=14,i=7,r=-1,q=0}[ReservedThreadExecutor@35038141{s=0/1,p=0}]
11:58:43.607 [Test worker] DEBUG org.eclipse.jetty.util.thread.QueuedThreadPool - Starting Thread[qtp878861517-33,5,main]
11:58:43.607 [qtp878861517-32] DEBUG org.eclipse.jetty.util.thread.QueuedThreadPool - Runner started for QueuedThreadPool[qtp878861517]@34625ccd{STARTING,8<=8<=14,i=8,r=-1,q=0}[ReservedThreadExecutor@35038141{s=0/1,p=0}]
11:58:43.607 [Test worker] DEBUG org.eclipse.jetty.util.component.AbstractLifeCycle - STARTED @851ms QueuedThreadPool[qtp878861517]@34625ccd{STARTED,8<=8<=14,i=8,r=1,q=0}[ReservedThreadExecutor@35038141{s=0/1,p=0}]
11:58:43.607 [Test worker] DEBUG org.eclipse.jetty.util.component.AbstractLifeCycle - starting HandlerCollection@3d3f761a{STOPPED}
11:58:43.608 [qtp878861517-33] DEBUG org.eclipse.jetty.util.thread.QueuedThreadPool - Runner started for QueuedThreadPool[qtp878861517]@34625ccd{STARTED,8<=8<=14,i=8,r=1,q=0}[ReservedThreadExecutor@35038141{s=0/1,p=0}]
11:58:43.608 [Test worker] DEBUG org.eclipse.jetty.server.handler.AbstractHandler - starting HandlerCollection@3d3f761a{STARTING}
11:58:43.608 [Test worker] DEBUG org.eclipse.jetty.util.component.AbstractLifeCycle - starting o.e.j.s.ServletContextHandler@3a1d593e{/__admin,null,UNAVAILABLE}
11:58:43.609 [Test worker] DEBUG org.eclipse.jetty.server.handler.AbstractHandler - starting o.e.j.s.ServletContextHandler@3a1d593e{/__admin,null,STARTING}
11:58:43.609 [Test worker] DEBUG org.eclipse.jetty.util.component.AbstractLifeCycle - starting ServletHandler@18e7143f{STOPPED}
11:58:43.610 [Test worker] DEBUG org.eclipse.jetty.servlet.ServletHandler - Path=/recorder/*[EMBEDDED:null] mapped to servlet=org.eclipse.jetty.servlet.DefaultServlet-a1217f9[EMBEDDED:null]
11:58:43.610 [Test worker] DEBUG org.eclipse.jetty.http.pathmap.PathMappings - Added MappedResource[pathSpec=ServletPathSpec@81d248a7{/recorder/*},resource=org.eclipse.jetty.servlet.DefaultServlet-a1217f9@c4d0737c==org.eclipse.jetty.servlet.DefaultServlet,jsp=null,order=-1,inst=false,async=true] to PathMappings[size=1]
11:58:43.611 [Test worker] DEBUG org.eclipse.jetty.servlet.ServletHandler - Path=/swagger-ui/*[EMBEDDED:null] mapped to servlet=org.eclipse.jetty.servlet.DefaultServlet-f19c9d2[EMBEDDED:null]
11:58:43.611 [Test worker] DEBUG org.eclipse.jetty.http.pathmap.PathMappings - Added MappedResource[pathSpec=ServletPathSpec@1c2edfa0{/swagger-ui/*},resource=org.eclipse.jetty.servlet.DefaultServlet-f19c9d2@cdc90213==org.eclipse.jetty.servlet.DefaultServlet,jsp=null,order=-1,inst=false,async=true] to PathMappings[size=2]
11:58:43.611 [Test worker] DEBUG org.eclipse.jetty.servlet.ServletHandler - Path=/[EMBEDDED:null] mapped to servlet=com.github.tomakehurst.wiremock.servlet.WireMockHandlerDispatchingServlet-2baa8d82[EMBEDDED:null]
11:58:43.611 [Test worker] DEBUG org.eclipse.jetty.http.pathmap.PathMappings - Added MappedResource[pathSpec=ServletPathSpec@4e{/},resource=com.github.tomakehurst.wiremock.servlet.WireMockHandlerDispatchingServlet-2baa8d82@937f5784==com.github.tomakehurst.wiremock.servlet.WireMockHandlerDispatchingServlet,jsp=null,order=-1,inst=false,async=true] to PathMappings[size=3]
11:58:43.611 [Test worker] DEBUG org.eclipse.jetty.servlet.ServletHandler - filterNameMap={org.eclipse.jetty.servlets.CrossOriginFilter-49f5c307=org.eclipse.jetty.servlets.CrossOriginFilter-49f5c307@49f5c307==org.eclipse.jetty.servlets.CrossOriginFilter,inst=false,async=true}
11:58:43.611 [Test worker] DEBUG org.eclipse.jetty.servlet.ServletHandler - pathFilters=[[/*]/[]/[REQUEST]=>org.eclipse.jetty.servlets.CrossOriginFilter-49f5c307]
11:58:43.611 [Test worker] DEBUG org.eclipse.jetty.servlet.ServletHandler - servletFilterMap={}
11:58:43.612 [Test worker] DEBUG org.eclipse.jetty.servlet.ServletHandler - servletPathMap=PathMappings[size=3]
11:58:43.612 [Test worker] DEBUG org.eclipse.jetty.servlet.ServletHandler - servletNameMap={org.eclipse.jetty.servlet.DefaultServlet-f19c9d2=org.eclipse.jetty.servlet.DefaultServlet-f19c9d2@cdc90213==org.eclipse.jetty.servlet.DefaultServlet,jsp=null,order=-1,inst=false,async=true, com.github.tomakehurst.wiremock.servlet.WireMockHandlerDispatchingServlet-2baa8d82=com.github.tomakehurst.wiremock.servlet.WireMockHandlerDispatchingServlet-2baa8d82@937f5784==com.github.tomakehurst.wiremock.servlet.WireMockHandlerDispatchingServlet,jsp=null,order=-1,inst=false,async=true, org.eclipse.jetty.servlet.DefaultServlet-a1217f9=org.eclipse.jetty.servlet.DefaultServlet-a1217f9@c4d0737c==org.eclipse.jetty.servlet.DefaultServlet,jsp=null,order=-1,inst=false,async=true}
11:58:43.612 [Test worker] DEBUG org.eclipse.jetty.server.handler.AbstractHandler - starting ServletHandler@18e7143f{STARTING}
11:58:43.612 [Test worker] DEBUG org.eclipse.jetty.util.component.AbstractLifeCycle - STARTED @856ms ServletHandler@18e7143f{STARTED}
11:58:43.613 [Test worker] DEBUG org.eclipse.jetty.util.component.AbstractLifeCycle - starting org.eclipse.jetty.servlets.CrossOriginFilter-49f5c307@49f5c307==org.eclipse.jetty.servlets.CrossOriginFilter,inst=false,async=true
11:58:43.613 [Test worker] DEBUG org.eclipse.jetty.util.component.AbstractLifeCycle - STARTED @857ms org.eclipse.jetty.servlets.CrossOriginFilter-49f5c307@49f5c307==org.eclipse.jetty.servlets.CrossOriginFilter,inst=false,async=true
11:58:43.614 [Test worker] DEBUG org.eclipse.jetty.servlet.FilterHolder - Filter.init org.eclipse.jetty.servlets.CrossOriginFilter@15bcf458
11:58:43.615 [Test worker] DEBUG org.eclipse.jetty.servlets.CrossOriginFilter - Cross-origin filter configuration: allowedOrigins = *, allowedTimingOrigins = null, allowedMethods = OPTIONS,GET,POST,PUT,PATCH,DELETE, allowedHeaders = *, preflightMaxAge = 1800, allowCredentials = true,exposedHeaders = ,chainPreflight = false
11:58:43.615 [Test worker] DEBUG org.eclipse.jetty.util.component.AbstractLifeCycle - starting com.github.tomakehurst.wiremock.servlet.WireMockHandlerDispatchingServlet-2baa8d82@937f5784==com.github.tomakehurst.wiremock.servlet.WireMockHandlerDispatchingServlet,jsp=null,order=-1,inst=false,async=true
11:58:43.616 [Test worker] DEBUG org.eclipse.jetty.util.component.AbstractLifeCycle - STARTED @860ms com.github.tomakehurst.wiremock.servlet.WireMockHandlerDispatchingServlet-2baa8d82@937f5784==com.github.tomakehurst.wiremock.servlet.WireMockHandlerDispatchingServlet,jsp=null,order=-1,inst=false,async=true
11:58:43.616 [Test worker] DEBUG org.eclipse.jetty.util.component.AbstractLifeCycle - starting org.eclipse.jetty.servlet.DefaultServlet-a1217f9@c4d0737c==org.eclipse.jetty.servlet.DefaultServlet,jsp=null,order=-1,inst=false,async=true
11:58:43.616 [Test worker] DEBUG org.eclipse.jetty.util.component.AbstractLifeCycle - STARTED @860ms org.eclipse.jetty.servlet.DefaultServlet-a1217f9@c4d0737c==org.eclipse.jetty.servlet.DefaultServlet,jsp=null,order=-1,inst=false,async=true
11:58:43.616 [Test worker] DEBUG org.eclipse.jetty.util.component.AbstractLifeCycle - starting org.eclipse.jetty.servlet.DefaultServlet-f19c9d2@cdc90213==org.eclipse.jetty.servlet.DefaultServlet,jsp=null,order=-1,inst=false,async=true
11:58:43.616 [Test worker] DEBUG org.eclipse.jetty.util.component.AbstractLifeCycle - STARTED @860ms org.eclipse.jetty.servlet.DefaultServlet-f19c9d2@cdc90213==org.eclipse.jetty.servlet.DefaultServlet,jsp=null,order=-1,inst=false,async=true
11:58:43.616 [Test worker] INFO org.eclipse.jetty.server.handler.ContextHandler - Started o.e.j.s.ServletContextHandler@3a1d593e{/__admin,null,AVAILABLE}
11:58:43.616 [Test worker] DEBUG org.eclipse.jetty.util.component.AbstractLifeCycle - STARTED @860ms o.e.j.s.ServletContextHandler@3a1d593e{/__admin,null,AVAILABLE}
11:58:43.616 [Test worker] DEBUG org.eclipse.jetty.util.component.AbstractLifeCycle - starting GzipHandler@77cf3f8b{STOPPED,min=32,inflate=-1}
11:58:43.617 [Test worker] DEBUG org.eclipse.jetty.server.handler.AbstractHandler - starting GzipHandler@77cf3f8b{STARTING,min=32,inflate=-1}
11:58:43.617 [Test worker] DEBUG org.eclipse.jetty.util.component.AbstractLifeCycle - starting o.e.j.s.ServletContextHandler@70fab835{/,null,UNAVAILABLE}
11:58:43.618 [Test worker] DEBUG org.eclipse.jetty.server.handler.AbstractHandler - starting o.e.j.s.ServletContextHandler@70fab835{/,null,STARTING}
11:58:43.618 [Test worker] DEBUG org.eclipse.jetty.util.component.AbstractLifeCycle - starting ServletHandler@62417a16{STOPPED}
11:58:43.618 [Test worker] DEBUG org.eclipse.jetty.servlet.ServletHandler - Path=/__files/*[EMBEDDED:null] mapped to servlet=org.eclipse.jetty.servlet.DefaultServlet-32057e6[EMBEDDED:null]
11:58:43.618 [Test worker] DEBUG org.eclipse.jetty.http.pathmap.PathMappings - Added MappedResource[pathSpec=ServletPathSpec@387a9b82{/__files/*},resource=org.eclipse.jetty.servlet.DefaultServlet-32057e6@450c48c5==org.eclipse.jetty.servlet.DefaultServlet,jsp=null,order=-1,inst=false,async=true] to PathMappings[size=1]
11:58:43.618 [Test worker] DEBUG org.eclipse.jetty.servlet.ServletHandler - Path=/[EMBEDDED:null] mapped to servlet=com.github.tomakehurst.wiremock.servlet.WireMockHandlerDispatchingServlet-2fd1731c[EMBEDDED:null]
11:58:43.618 [Test worker] DEBUG org.eclipse.jetty.http.pathmap.PathMappings - Added MappedResource[pathSpec=ServletPathSpec@4e{/},resource=com.github.tomakehurst.wiremock.servlet.WireMockHandlerDispatchingServlet-2fd1731c@6991393d==com.github.tomakehurst.wiremock.servlet.WireMockHandlerDispatchingServlet,jsp=null,order=-1,inst=false,async=true] to PathMappings[size=2]
11:58:43.618 [Test worker] DEBUG org.eclipse.jetty.servlet.ServletHandler - filterNameMap={com.github.tomakehurst.wiremock.servlet.TrailingSlashFilter-3af4e0bf=com.github.tomakehurst.wiremock.servlet.TrailingSlashFilter-3af4e0bf@3af4e0bf==com.github.tomakehurst.wiremock.servlet.TrailingSlashFilter,inst=false,async=true, com.github.tomakehurst.wiremock.servlet.ContentTypeSettingFilter-514eedd8=com.github.tomakehurst.wiremock.servlet.ContentTypeSettingFilter-514eedd8@514eedd8==com.github.tomakehurst.wiremock.servlet.ContentTypeSettingFilter,inst=false,async=true}
11:58:43.619 [Test worker] DEBUG org.eclipse.jetty.servlet.ServletHandler - pathFilters=[[/__files/*]/[]/[FORWARD]=>com.github.tomakehurst.wiremock.servlet.ContentTypeSettingFilter-514eedd8, [/__files/*]/[]/[ASYNC, REQUEST, INCLUDE, FORWARD, ERROR]=>com.github.tomakehurst.wiremock.servlet.TrailingSlashFilter-3af4e0bf]
11:58:43.619 [Test worker] DEBUG org.eclipse.jetty.servlet.ServletHandler - servletFilterMap={}
11:58:43.619 [Test worker] DEBUG org.eclipse.jetty.servlet.ServletHandler - servletPathMap=PathMappings[size=2]
11:58:43.619 [Test worker] DEBUG org.eclipse.jetty.servlet.ServletHandler - servletNameMap={org.eclipse.jetty.servlet.DefaultServlet-32057e6=org.eclipse.jetty.servlet.DefaultServlet-32057e6@450c48c5==org.eclipse.jetty.servlet.DefaultServlet,jsp=null,order=-1,inst=false,async=true, com.github.tomakehurst.wiremock.servlet.WireMockHandlerDispatchingServlet-2fd1731c=com.github.tomakehurst.wiremock.servlet.WireMockHandlerDispatchingServlet-2fd1731c@6991393d==com.github.tomakehurst.wiremock.servlet.WireMockHandlerDispatchingServlet,jsp=null,order=-1,inst=false,async=true}
11:58:43.619 [Test worker] DEBUG org.eclipse.jetty.server.handler.AbstractHandler - starting ServletHandler@62417a16{STARTING}
11:58:43.619 [Test worker] DEBUG org.eclipse.jetty.util.component.AbstractLifeCycle - STARTED @863ms ServletHandler@62417a16{STARTED}
11:58:43.619 [Test worker] DEBUG org.eclipse.jetty.util.component.AbstractLifeCycle - starting NotFoundHandler@7fb9f71f{STOPPED}
11:58:43.619 [Test worker] DEBUG org.eclipse.jetty.server.handler.AbstractHandler - starting NotFoundHandler@7fb9f71f{STARTING}
11:58:43.619 [Test worker] DEBUG org.eclipse.jetty.util.component.AbstractLifeCycle - STARTED @863ms NotFoundHandler@7fb9f71f{STARTED}
11:58:43.619 [Test worker] DEBUG org.eclipse.jetty.util.component.AbstractLifeCycle - starting com.github.tomakehurst.wiremock.servlet.ContentTypeSettingFilter-514eedd8@514eedd8==com.github.tomakehurst.wiremock.servlet.ContentTypeSettingFilter,inst=false,async=true
11:58:43.620 [Test worker] DEBUG org.eclipse.jetty.util.component.AbstractLifeCycle - STARTED @864ms com.github.tomakehurst.wiremock.servlet.ContentTypeSettingFilter-514eedd8@514eedd8==com.github.tomakehurst.wiremock.servlet.ContentTypeSettingFilter,inst=false,async=true
11:58:43.620 [Test worker] DEBUG org.eclipse.jetty.servlet.FilterHolder - Filter.init com.github.tomakehurst.wiremock.servlet.ContentTypeSettingFilter@70e659aa
11:58:43.620 [Test worker] DEBUG org.eclipse.jetty.util.component.AbstractLifeCycle - starting com.github.tomakehurst.wiremock.servlet.TrailingSlashFilter-3af4e0bf@3af4e0bf==com.github.tomakehurst.wiremock.servlet.TrailingSlashFilter,inst=false,async=true
11:58:43.620 [Test worker] DEBUG org.eclipse.jetty.util.component.AbstractLifeCycle - STARTED @864ms com.github.tomakehurst.wiremock.servlet.TrailingSlashFilter-3af4e0bf@3af4e0bf==com.github.tomakehurst.wiremock.servlet.TrailingSlashFilter,inst=false,async=true
11:58:43.620 [Test worker] DEBUG org.eclipse.jetty.servlet.FilterHolder - Filter.init com.github.tomakehurst.wiremock.servlet.TrailingSlashFilter@285f09de
11:58:43.620 [Test worker] DEBUG org.eclipse.jetty.util.component.AbstractLifeCycle - starting com.github.tomakehurst.wiremock.servlet.WireMockHandlerDispatchingServlet-2fd1731c@6991393d==com.github.tomakehurst.wiremock.servlet.WireMockHandlerDispatchingServlet,jsp=null,order=-1,inst=false,async=true
11:58:43.620 [Test worker] DEBUG org.eclipse.jetty.util.component.AbstractLifeCycle - STARTED @864ms com.github.tomakehurst.wiremock.servlet.WireMockHandlerDispatchingServlet-2fd1731c@6991393d==com.github.tomakehurst.wiremock.servlet.WireMockHandlerDispatchingServlet,jsp=null,order=-1,inst=false,async=true
11:58:43.620 [Test worker] DEBUG org.eclipse.jetty.util.component.AbstractLifeCycle - starting org.eclipse.jetty.servlet.DefaultServlet-32057e6@450c48c5==org.eclipse.jetty.servlet.DefaultServlet,jsp=null,order=-1,inst=false,async=true
11:58:43.621 [Test worker] DEBUG org.eclipse.jetty.util.component.AbstractLifeCycle - STARTED @865ms org.eclipse.jetty.servlet.DefaultServlet-32057e6@450c48c5==org.eclipse.jetty.servlet.DefaultServlet,jsp=null,order=-1,inst=false,async=true
11:58:43.621 [Test worker] INFO org.eclipse.jetty.server.handler.ContextHandler - Started o.e.j.s.ServletContextHandler@70fab835{/,null,AVAILABLE}
11:58:43.621 [Test worker] DEBUG org.eclipse.jetty.util.component.AbstractLifeCycle - STARTED @865ms o.e.j.s.ServletContextHandler@70fab835{/,null,AVAILABLE}
11:58:43.621 [Test worker] DEBUG org.eclipse.jetty.util.component.AbstractLifeCycle - STARTED @865ms GzipHandler@77cf3f8b{STARTED,min=32,inflate=-1}
11:58:43.622 [Test worker] DEBUG org.eclipse.jetty.util.component.AbstractLifeCycle - STARTED @866ms HandlerCollection@3d3f761a{STARTED}
11:58:43.622 [Test worker] DEBUG org.eclipse.jetty.util.component.AbstractLifeCycle - starting ErrorHandler@7d373bcf{STOPPED}
11:58:43.622 [Test worker] DEBUG org.eclipse.jetty.server.handler.AbstractHandler - starting ErrorHandler@7d373bcf{STARTING}
11:58:43.622 [Test worker] DEBUG org.eclipse.jetty.util.component.AbstractLifeCycle - STARTED @866ms ErrorHandler@7d373bcf{STARTED}
11:58:43.622 [Test worker] DEBUG org.eclipse.jetty.util.component.AbstractLifeCycle - starting NetworkTrafficServerConnector@4602c2a9{HTTP/1.1, (http/1.1)}{0.0.0.0:8081}
11:58:43.624 [Test worker] DEBUG org.eclipse.jetty.util.component.ContainerLifeCycle - NetworkTrafficServerConnector@4602c2a9{HTTP/1.1, (http/1.1)}{0.0.0.0:8081} added {sun.nio.ch.ServerSocketChannelImpl[/[0:0:0:0:0:0:0:0]:8081],POJO}
11:58:43.625 [Test worker] DEBUG org.eclipse.jetty.util.component.AbstractLifeCycle - starting ScheduledExecutorScheduler@5b6813df{STOPPED}
11:58:43.626 [Test worker] DEBUG org.eclipse.jetty.util.component.AbstractLifeCycle - STARTED @871ms ScheduledExecutorScheduler@5b6813df{STARTED}
11:58:43.627 [Test worker] DEBUG org.eclipse.jetty.util.component.AbstractLifeCycle - starting HttpConnectionFactory@5b970f7[HTTP/1.1]
11:58:43.627 [Test worker] DEBUG org.eclipse.jetty.util.component.AbstractLifeCycle - STARTED @871ms HttpConnectionFactory@5b970f7[HTTP/1.1]
11:58:43.627 [Test worker] DEBUG org.eclipse.jetty.util.component.AbstractLifeCycle - starting SelectorManager@NetworkTrafficServerConnector@4602c2a9{HTTP/1.1, (http/1.1)}{0.0.0.0:8081}
11:58:43.633 [Test worker] DEBUG org.eclipse.jetty.util.component.ContainerLifeCycle - EatWhatYouKill@20312893/SelectorProducer@70eecdc2/IDLE/p=false/QueuedThreadPool[qtp878861517]@34625ccd{STARTED,8<=8<=14,i=8,r=1,q=0}[ReservedThreadExecutor@35038141{s=0/1,p=0}][pc=0,pic=0,pec=0,epc=0]@2024-05-10T11:58:43.632157+01:00 added {SelectorProducer@70eecdc2,POJO}
11:58:43.633 [Test worker] DEBUG org.eclipse.jetty.util.component.ContainerLifeCycle - EatWhatYouKill@20312893/SelectorProducer@70eecdc2/IDLE/p=false/QueuedThreadPool[qtp878861517]@34625ccd{STARTED,8<=8<=14,i=8,r=1,q=0}[ReservedThreadExecutor@35038141{s=0/1,p=0}][pc=0,pic=0,pec=0,epc=0]@2024-05-10T11:58:43.633719+01:00 added {QueuedThreadPool[qtp878861517]@34625ccd{STARTED,8<=8<=14,i=8,r=1,q=0}[ReservedThreadExecutor@35038141{s=0/1,p=0}],UNMANAGED}
11:58:43.634 [Test worker] DEBUG org.eclipse.jetty.util.thread.strategy.EatWhatYouKill - EatWhatYouKill@20312893/SelectorProducer@70eecdc2/IDLE/p=false/QueuedThreadPool[qtp878861517]@34625ccd{STARTED,8<=8<=14,i=8,r=1,q=0}[ReservedThreadExecutor@35038141{s=0/1,p=0}][pc=0,pic=0,pec=0,epc=0]@2024-05-10T11:58:43.634169+01:00 created
11:58:43.634 [Test worker] DEBUG org.eclipse.jetty.util.component.ContainerLifeCycle - ManagedSelector@669253b7{STOPPED} id=0 keys=-1 selected=-1 updates=0 added {EatWhatYouKill@20312893/SelectorProducer@70eecdc2/IDLE/p=false/QueuedThreadPool[qtp878861517]@34625ccd{STARTED,8<=8<=14,i=8,r=1,q=0}[ReservedThreadExecutor@35038141{s=0/1,p=0}][pc=0,pic=0,pec=0,epc=0]@2024-05-10T11:58:43.634819+01:00,MANAGED}
11:58:43.635 [Test worker] DEBUG org.eclipse.jetty.util.component.ContainerLifeCycle - SelectorManager@NetworkTrafficServerConnector@4602c2a9{HTTP/1.1, (http/1.1)}{0.0.0.0:8081} added {ManagedSelector@669253b7{STOPPED} id=0 keys=-1 selected=-1 updates=0,AUTO}
11:58:43.635 [Test worker] DEBUG org.eclipse.jetty.util.component.ContainerLifeCycle - EatWhatYouKill@5305c37d/SelectorProducer@51a06cbe/IDLE/p=false/QueuedThreadPool[qtp878861517]@34625ccd{STARTED,8<=8<=14,i=8,r=1,q=0}[ReservedThreadExecutor@35038141{s=0/1,p=0}][pc=0,pic=0,pec=0,epc=0]@2024-05-10T11:58:43.63579+01:00 added {SelectorProducer@51a06cbe,POJO}
11:58:43.636 [Test worker] DEBUG org.eclipse.jetty.util.component.ContainerLifeCycle - EatWhatYouKill@5305c37d/SelectorProducer@51a06cbe/IDLE/p=false/QueuedThreadPool[qtp878861517]@34625ccd{STARTED,8<=8<=14,i=8,r=1,q=0}[ReservedThreadExecutor@35038141{s=0/1,p=0}][pc=0,pic=0,pec=0,epc=0]@2024-05-10T11:58:43.636143+01:00 added {QueuedThreadPool[qtp878861517]@34625ccd{STARTED,8<=8<=14,i=8,r=1,q=0}[ReservedThreadExecutor@35038141{s=0/1,p=0}],UNMANAGED}
11:58:43.636 [Test worker] DEBUG org.eclipse.jetty.util.thread.strategy.EatWhatYouKill - EatWhatYouKill@5305c37d/SelectorProducer@51a06cbe/IDLE/p=false/QueuedThreadPool[qtp878861517]@34625ccd{STARTED,8<=8<=14,i=8,r=1,q=0}[ReservedThreadExecutor@35038141{s=0/1,p=0}][pc=0,pic=0,pec=0,epc=0]@2024-05-10T11:58:43.636638+01:00 created
11:58:43.637 [Test worker] DEBUG org.eclipse.jetty.util.component.ContainerLifeCycle - ManagedSelector@3dddbe65{STOPPED} id=1 keys=-1 selected=-1 updates=0 added {EatWhatYouKill@5305c37d/SelectorProducer@51a06cbe/IDLE/p=false/QueuedThreadPool[qtp878861517]@34625ccd{STARTED,8<=8<=14,i=8,r=1,q=0}[ReservedThreadExecutor@35038141{s=0/1,p=0}][pc=0,pic=0,pec=0,epc=0]@2024-05-10T11:58:43.63699+01:00,MANAGED}
11:58:43.637 [Test worker] DEBUG org.eclipse.jetty.util.component.ContainerLifeCycle - SelectorManager@NetworkTrafficServerConnector@4602c2a9{HTTP/1.1, (http/1.1)}{0.0.0.0:8081} added {ManagedSelector@3dddbe65{STOPPED} id=1 keys=-1 selected=-1 updates=0,AUTO}
11:58:43.637 [Test worker] DEBUG org.eclipse.jetty.util.component.AbstractLifeCycle - starting ManagedSelector@669253b7{STOPPED} id=0 keys=-1 selected=-1 updates=0
11:58:43.637 [Test worker] DEBUG org.eclipse.jetty.util.component.AbstractLifeCycle - starting EatWhatYouKill@20312893/SelectorProducer@70eecdc2/IDLE/p=false/QueuedThreadPool[qtp878861517]@34625ccd{STARTED,8<=8<=14,i=8,r=1,q=0}[ReservedThreadExecutor@35038141{s=0/1,p=0}][pc=0,pic=0,pec=0,epc=0]@2024-05-10T11:58:43.637675+01:00
11:58:43.638 [Test worker] DEBUG org.eclipse.jetty.util.component.AbstractLifeCycle - STARTED @881ms EatWhatYouKill@20312893/SelectorProducer@70eecdc2/IDLE/p=false/QueuedThreadPool[qtp878861517]@34625ccd{STARTED,8<=8<=14,i=8,r=1,q=0}[ReservedThreadExecutor@35038141{s=0/1,p=0}][pc=0,pic=0,pec=0,epc=0]@2024-05-10T11:58:43.638017+01:00
11:58:43.638 [Test worker] DEBUG org.eclipse.jetty.util.thread.QueuedThreadPool - queue org.eclipse.jetty.io.ManagedSelector$$Lambda$427/0x0000000122226bb8@344561e0 startThread=0
11:58:43.638 [qtp878861517-26] DEBUG org.eclipse.jetty.util.thread.QueuedThreadPool - run org.eclipse.jetty.io.ManagedSelector$$Lambda$427/0x0000000122226bb8@344561e0 in QueuedThreadPool[qtp878861517]@34625ccd{STARTED,8<=8<=14,i=7,r=1,q=0}[ReservedThreadExecutor@35038141{s=0/1,p=0}]
11:58:43.639 [qtp878861517-26] DEBUG org.eclipse.jetty.util.thread.strategy.EatWhatYouKill - EatWhatYouKill@20312893/SelectorProducer@70eecdc2/IDLE/p=false/QueuedThreadPool[qtp878861517]@34625ccd{STARTED,8<=8<=14,i=7,r=1,q=0}[ReservedThreadExecutor@35038141{s=0/1,p=0}][pc=0,pic=0,pec=0,epc=0]@2024-05-10T11:58:43.639099+01:00 tryProduce false
11:58:43.639 [Test worker] DEBUG org.eclipse.jetty.io.ManagedSelector - Queued change lazy=false org.eclipse.jetty.io.ManagedSelector$Start@52d10fb8 on ManagedSelector@669253b7{STARTING} id=0 keys=0 selected=0 updates=0
11:58:43.639 [qtp878861517-26] DEBUG org.eclipse.jetty.io.ManagedSelector - updateable 1
11:58:43.639 [qtp878861517-26] DEBUG org.eclipse.jetty.io.ManagedSelector - update org.eclipse.jetty.io.ManagedSelector$Start@52d10fb8
11:58:43.640 [qtp878861517-26] DEBUG org.eclipse.jetty.io.ManagedSelector - updates 0
11:58:43.640 [Test worker] DEBUG org.eclipse.jetty.util.component.AbstractLifeCycle - STARTED @884ms ManagedSelector@669253b7{STARTED} id=0 keys=0 selected=0 updates=0
11:58:43.640 [qtp878861517-26] DEBUG org.eclipse.jetty.io.ManagedSelector - Selector sun.nio.ch.KQueueSelectorImpl@1c2ddfe9 waiting with 0 keys
11:58:43.640 [Test worker] DEBUG org.eclipse.jetty.util.component.AbstractLifeCycle - starting ManagedSelector@3dddbe65{STOPPED} id=1 keys=-1 selected=-1 updates=0
11:58:43.640 [Test worker] DEBUG org.eclipse.jetty.util.component.AbstractLifeCycle - starting EatWhatYouKill@5305c37d/SelectorProducer@51a06cbe/IDLE/p=false/QueuedThreadPool[qtp878861517]@34625ccd{STARTED,8<=8<=14,i=7,r=1,q=0}[ReservedThreadExecutor@35038141{s=0/1,p=0}][pc=0,pic=0,pec=0,epc=0]@2024-05-10T11:58:43.640675+01:00
11:58:43.640 [Test worker] DEBUG org.eclipse.jetty.util.component.AbstractLifeCycle - STARTED @884ms EatWhatYouKill@5305c37d/SelectorProducer@51a06cbe/IDLE/p=false/QueuedThreadPool[qtp878861517]@34625ccd{STARTED,8<=8<=14,i=7,r=1,q=0}[ReservedThreadExecutor@35038141{s=0/1,p=0}][pc=0,pic=0,pec=0,epc=0]@2024-05-10T11:58:43.640922+01:00
11:58:43.641 [Test worker] DEBUG org.eclipse.jetty.util.thread.QueuedThreadPool - queue org.eclipse.jetty.io.ManagedSelector$$Lambda$427/0x0000000122226bb8@1fe8d51b startThread=0
11:58:43.641 [qtp878861517-27] DEBUG org.eclipse.jetty.util.thread.QueuedThreadPool - run org.eclipse.jetty.io.ManagedSelector$$Lambda$427/0x0000000122226bb8@1fe8d51b in QueuedThreadPool[qtp878861517]@34625ccd{STARTED,8<=8<=14,i=6,r=1,q=0}[ReservedThreadExecutor@35038141{s=0/1,p=0}]
11:58:43.641 [Test worker] DEBUG org.eclipse.jetty.io.ManagedSelector - Queued change lazy=false org.eclipse.jetty.io.ManagedSelector$Start@781e7326 on ManagedSelector@3dddbe65{STARTING} id=1 keys=0 selected=0 updates=0
11:58:43.641 [qtp878861517-27] DEBUG org.eclipse.jetty.util.thread.strategy.EatWhatYouKill - EatWhatYouKill@5305c37d/SelectorProducer@51a06cbe/IDLE/p=false/QueuedThreadPool[qtp878861517]@34625ccd{STARTED,8<=8<=14,i=6,r=1,q=0}[ReservedThreadExecutor@35038141{s=0/1,p=0}][pc=0,pic=0,pec=0,epc=0]@2024-05-10T11:58:43.641467+01:00 tryProduce false
11:58:43.641 [qtp878861517-27] DEBUG org.eclipse.jetty.io.ManagedSelector - updateable 1
11:58:43.641 [qtp878861517-27] DEBUG org.eclipse.jetty.io.ManagedSelector - update org.eclipse.jetty.io.ManagedSelector$Start@781e7326
11:58:43.641 [qtp878861517-27] DEBUG org.eclipse.jetty.io.ManagedSelector - updates 0
11:58:43.641 [qtp878861517-27] DEBUG org.eclipse.jetty.io.ManagedSelector - Selector sun.nio.ch.KQueueSelectorImpl@6a8f615e waiting with 0 keys
11:58:43.641 [Test worker] DEBUG org.eclipse.jetty.util.component.AbstractLifeCycle - STARTED @885ms ManagedSelector@3dddbe65{STARTED} id=1 keys=0 selected=0 updates=0
11:58:43.641 [Test worker] DEBUG org.eclipse.jetty.util.component.AbstractLifeCycle - STARTED @885ms SelectorManager@NetworkTrafficServerConnector@4602c2a9{HTTP/1.1, (http/1.1)}{0.0.0.0:8081}
11:58:43.642 [Test worker] DEBUG org.eclipse.jetty.util.component.ContainerLifeCycle - NetworkTrafficServerConnector@4602c2a9{HTTP/1.1, (http/1.1)}{0.0.0.0:8081} added {acceptor-0@324dcd31,POJO}
11:58:43.642 [Test worker] DEBUG org.eclipse.jetty.util.thread.QueuedThreadPool - queue acceptor-0@324dcd31 startThread=0
11:58:43.642 [Test worker] DEBUG org.eclipse.jetty.util.component.ContainerLifeCycle - NetworkTrafficServerConnector@4602c2a9{HTTP/1.1, (http/1.1)}{0.0.0.0:8081} added {acceptor-1@503d56b5,POJO}
11:58:43.642 [qtp878861517-28] DEBUG org.eclipse.jetty.util.thread.QueuedThreadPool - run acceptor-0@324dcd31 in QueuedThreadPool[qtp878861517]@34625ccd{STARTED,8<=8<=14,i=5,r=1,q=0}[ReservedThreadExecutor@35038141{s=0/1,p=0}]
11:58:43.642 [Test worker] DEBUG org.eclipse.jetty.util.thread.QueuedThreadPool - queue acceptor-1@503d56b5 startThread=0
11:58:43.643 [Test worker] DEBUG org.eclipse.jetty.util.component.ContainerLifeCycle - NetworkTrafficServerConnector@4602c2a9{HTTP/1.1, (http/1.1)}{0.0.0.0:8081} added {acceptor-2@72bca894,POJO}
11:58:43.643 [qtp878861517-29] DEBUG org.eclipse.jetty.util.thread.QueuedThreadPool - run acceptor-1@503d56b5 in QueuedThreadPool[qtp878861517]@34625ccd{STARTED,8<=8<=14,i=4,r=1,q=0}[ReservedThreadExecutor@35038141{s=0/1,p=0}]
11:58:43.643 [Test worker] DEBUG org.eclipse.jetty.util.thread.QueuedThreadPool - queue acceptor-2@72bca894 startThread=0
11:58:43.643 [Test worker] INFO org.eclipse.jetty.server.AbstractConnector - Started NetworkTrafficServerConnector@4602c2a9{HTTP/1.1, (http/1.1)}{0.0.0.0:8081}
11:58:43.643 [qtp878861517-30] DEBUG org.eclipse.jetty.util.thread.QueuedThreadPool - run acceptor-2@72bca894 in QueuedThreadPool[qtp878861517]@34625ccd{STARTED,8<=8<=14,i=3,r=1,q=0}[ReservedThreadExecutor@35038141{s=0/1,p=0}]
11:58:43.643 [Test worker] DEBUG org.eclipse.jetty.util.component.AbstractLifeCycle - STARTED @887ms NetworkTrafficServerConnector@4602c2a9{HTTP/1.1, (http/1.1)}{0.0.0.0:8081}
11:58:43.643 [Test worker] INFO org.eclipse.jetty.server.Server - Started @887ms
11:58:43.643 [Test worker] DEBUG org.eclipse.jetty.util.component.AbstractLifeCycle - STARTED @887ms Server@48c35007{STARTED}[9.4.31.v20200723]
11:58:43.822 [qtp878861517-28-acceptor-0@324dcd31-NetworkTrafficServerConnector@4602c2a9{HTTP/1.1, (http/1.1)}{0.0.0.0:8081}] DEBUG org.eclipse.jetty.io.ManagedSelector - Queued change lazy=false Accept@3ee6598d[java.nio.channels.SocketChannel[connected local=/127.0.0.1:8081 remote=/127.0.0.1:56539]] on ManagedSelector@3dddbe65{STARTED} id=1 keys=0 selected=0 updates=0
11:58:43.822 [qtp878861517-28-acceptor-0@324dcd31-NetworkTrafficServerConnector@4602c2a9{HTTP/1.1, (http/1.1)}{0.0.0.0:8081}] DEBUG org.eclipse.jetty.io.ManagedSelector - Wakeup on submit ManagedSelector@3dddbe65{STARTED} id=1 keys=0 selected=0 updates=1
11:58:43.822 [qtp878861517-27] DEBUG org.eclipse.jetty.io.ManagedSelector - Selector sun.nio.ch.KQueueSelectorImpl@6a8f615e woken with none selected
11:58:43.822 [qtp878861517-27] DEBUG org.eclipse.jetty.io.ManagedSelector - Selector sun.nio.ch.KQueueSelectorImpl@6a8f615e woken up from select, 0/0/0 selected
11:58:43.823 [qtp878861517-27] DEBUG org.eclipse.jetty.io.ManagedSelector - Selector sun.nio.ch.KQueueSelectorImpl@6a8f615e processing 0 keys, 1 updates
11:58:43.823 [qtp878861517-27] DEBUG org.eclipse.jetty.io.ManagedSelector - updateable 1
11:58:43.823 [qtp878861517-27] DEBUG org.eclipse.jetty.io.ManagedSelector - update Accept@3ee6598d[java.nio.channels.SocketChannel[connected local=/127.0.0.1:8081 remote=/127.0.0.1:56539]]
11:58:43.823 [qtp878861517-27] DEBUG org.eclipse.jetty.util.thread.QueuedThreadPool - queue Accept@3ee6598d[java.nio.channels.SocketChannel[connected local=/127.0.0.1:8081 remote=/127.0.0.1:56539]] startThread=0
11:58:43.823 [qtp878861517-27] DEBUG org.eclipse.jetty.io.ManagedSelector - updates 0
11:58:43.823 [qtp878861517-31] DEBUG org.eclipse.jetty.util.thread.QueuedThreadPool - run Accept@3ee6598d[java.nio.channels.SocketChannel[connected local=/127.0.0.1:8081 remote=/127.0.0.1:56539]] in QueuedThreadPool[qtp878861517]@34625ccd{STARTED,8<=8<=14,i=2,r=1,q=0}[ReservedThreadExecutor@35038141{s=0/1,p=0}]
11:58:43.823 [qtp878861517-27] DEBUG org.eclipse.jetty.io.ManagedSelector - Selector sun.nio.ch.KQueueSelectorImpl@6a8f615e waiting with 1 keys
11:58:43.828 [qtp878861517-31] DEBUG org.eclipse.jetty.io.IdleTimeout - NetworkTrafficSocketChannelEndPoint@1ef09cf9{l=/127.0.0.1:8081,r=/127.0.0.1:56539,OPEN,fill=-,flush=-,to=2/30000}{io=0/0,kio=0,kro=0}-><null> idle timeout check, elapsed: 2 ms, remaining: 29998 ms
11:58:43.853 [qtp878861517-31] DEBUG org.eclipse.jetty.server.HttpChannel - new HttpChannelOverHttp@294af61f{s=HttpChannelState@1bbe4c54{s=IDLE rs=BLOCKING os=OPEN is=IDLE awp=false se=false i=true al=0},r=0,c=false/false,a=IDLE,uri=null,age=0} -> NetworkTrafficSocketChannelEndPoint@1ef09cf9{l=/127.0.0.1:8081,r=/127.0.0.1:56539,OPEN,fill=-,flush=-,to=28/30000}{io=0/0,kio=0,kro=0}-><null>,null,HttpChannelState@1bbe4c54{s=IDLE rs=BLOCKING os=OPEN is=IDLE awp=false se=false i=true al=0}
11:58:43.858 [qtp878861517-31] DEBUG org.eclipse.jetty.server.HttpConnection - New HTTP Connection HttpConnection@7120f6fc::NetworkTrafficSocketChannelEndPoint@1ef09cf9{l=/127.0.0.1:8081,r=/127.0.0.1:56539,OPEN,fill=-,flush=-,to=33/30000}{io=0/0,kio=0,kro=0}-><null>
11:58:43.859 [qtp878861517-31] DEBUG org.eclipse.jetty.io.ManagedSelector - Queued change lazy=true org.eclipse.jetty.io.ManagedSelector$$Lambda$444/0x00000001222b6b50@4af9c745 on ManagedSelector@3dddbe65{STARTED} id=1 keys=1 selected=0 updates=0
11:58:43.860 [qtp878861517-31] DEBUG org.eclipse.jetty.io.AbstractEndPoint - onOpen NetworkTrafficSocketChannelEndPoint@1ef09cf9{l=/127.0.0.1:8081,r=/127.0.0.1:56539,OPEN,fill=-,flush=-,to=34/30000}{io=0/0,kio=0,kro=0}->HttpConnection@7120f6fc[p=HttpParser{s=START,0 of -1},g=HttpGenerator@6bd89070{s=START}]=>HttpChannelOverHttp@294af61f{s=HttpChannelState@1bbe4c54{s=IDLE rs=BLOCKING os=OPEN is=IDLE awp=false se=false i=true al=0},r=0,c=false/false,a=IDLE,uri=null,age=0}
11:58:43.860 [qtp878861517-31] DEBUG org.eclipse.jetty.io.AbstractConnection - onOpen HttpConnection@7120f6fc::NetworkTrafficSocketChannelEndPoint@1ef09cf9{l=/127.0.0.1:8081,r=/127.0.0.1:56539,OPEN,fill=-,flush=-,to=35/30000}{io=0/0,kio=0,kro=0}->HttpConnection@7120f6fc[p=HttpParser{s=START,0 of -1},g=HttpGenerator@6bd89070{s=START}]=>HttpChannelOverHttp@294af61f{s=HttpChannelState@1bbe4c54{s=IDLE rs=BLOCKING os=OPEN is=IDLE awp=false se=false i=true al=0},r=0,c=false/false,a=IDLE,uri=null,age=0}
11:58:43.860 [qtp878861517-31] DEBUG org.eclipse.jetty.io.AbstractConnection - fillInterested HttpConnection@7120f6fc::NetworkTrafficSocketChannelEndPoint@1ef09cf9{l=/127.0.0.1:8081,r=/127.0.0.1:56539,OPEN,fill=-,flush=-,to=35/30000}{io=0/0,kio=0,kro=0}->HttpConnection@7120f6fc[p=HttpParser{s=START,0 of -1},g=HttpGenerator@6bd89070{s=START}]=>HttpChannelOverHttp@294af61f{s=HttpChannelState@1bbe4c54{s=IDLE rs=BLOCKING os=OPEN is=IDLE awp=false se=false i=true al=0},r=0,c=false/false,a=IDLE,uri=null,age=0}
11:58:43.861 [qtp878861517-31] DEBUG org.eclipse.jetty.io.FillInterest - interested FillInterest@1ea3e955{AC.ReadCB@7120f6fc{HttpConnection@7120f6fc::NetworkTrafficSocketChannelEndPoint@1ef09cf9{l=/127.0.0.1:8081,r=/127.0.0.1:56539,OPEN,fill=FI,flush=-,to=0/30000}{io=0/0,kio=0,kro=0}->HttpConnection@7120f6fc[p=HttpParser{s=START,0 of -1},g=HttpGenerator@6bd89070{s=START}]=>HttpChannelOverHttp@294af61f{s=HttpChannelState@1bbe4c54{s=IDLE rs=BLOCKING os=OPEN is=IDLE awp=false se=false i=true al=0},r=0,c=false/false,a=IDLE,uri=null,age=0}}}
11:58:43.861 [qtp878861517-31] DEBUG org.eclipse.jetty.io.ChannelEndPoint - changeInterests p=false 0->1 for NetworkTrafficSocketChannelEndPoint@1ef09cf9{l=/127.0.0.1:8081,r=/127.0.0.1:56539,OPEN,fill=FI,flush=-,to=0/30000}{io=0/1,kio=0,kro=0}->HttpConnection@7120f6fc[p=HttpParser{s=START,0 of -1},g=HttpGenerator@6bd89070{s=START}]=>HttpChannelOverHttp@294af61f{s=HttpChannelState@1bbe4c54{s=IDLE rs=BLOCKING os=OPEN is=IDLE awp=false se=false i=true al=0},r=0,c=false/false,a=IDLE,uri=null,age=0}
11:58:43.861 [qtp878861517-31] DEBUG org.eclipse.jetty.io.ManagedSelector - Queued change lazy=false org.eclipse.jetty.io.ChannelEndPoint$$Lambda$437/0x00000001222a8418@60ccca1c on ManagedSelector@3dddbe65{STARTED} id=1 keys=1 selected=0 updates=1
11:58:43.861 [qtp878861517-31] DEBUG org.eclipse.jetty.io.ManagedSelector - Wakeup on submit ManagedSelector@3dddbe65{STARTED} id=1 keys=1 selected=0 updates=2
11:58:43.861 [qtp878861517-27] DEBUG org.eclipse.jetty.io.ManagedSelector - Selector sun.nio.ch.KQueueSelectorImpl@6a8f615e woken with none selected
11:58:43.861 [qtp878861517-27] DEBUG org.eclipse.jetty.io.ManagedSelector - Selector sun.nio.ch.KQueueSelectorImpl@6a8f615e woken up from select, 0/0/1 selected
11:58:43.861 [qtp878861517-31] DEBUG org.eclipse.jetty.io.ManagedSelector - Created NetworkTrafficSocketChannelEndPoint@1ef09cf9{l=/127.0.0.1:8081,r=/127.0.0.1:56539,OPEN,fill=FI,flush=-,to=0/30000}{io=0/1,kio=0,kro=0}->HttpConnection@7120f6fc[p=HttpParser{s=START,0 of -1},g=HttpGenerator@6bd89070{s=START}]=>HttpChannelOverHttp@294af61f{s=HttpChannelState@1bbe4c54{s=IDLE rs=BLOCKING os=OPEN is=IDLE awp=false se=false i=true al=0},r=0,c=false/false,a=IDLE,uri=null,age=0}
11:58:43.861 [qtp878861517-27] DEBUG org.eclipse.jetty.io.ManagedSelector - Selector sun.nio.ch.KQueueSelectorImpl@6a8f615e processing 0 keys, 2 updates
11:58:43.861 [qtp878861517-27] DEBUG org.eclipse.jetty.io.ManagedSelector - updateable 2
11:58:43.861 [qtp878861517-27] DEBUG org.eclipse.jetty.io.ManagedSelector - update org.eclipse.jetty.io.ManagedSelector$$Lambda$444/0x00000001222b6b50@4af9c745
11:58:43.862 [qtp878861517-31] DEBUG org.eclipse.jetty.util.thread.QueuedThreadPool - ran Accept@3ee6598d[java.nio.channels.SocketChannel[connected local=/127.0.0.1:8081 remote=/127.0.0.1:56539]] in QueuedThreadPool[qtp878861517]@34625ccd{STARTED,8<=8<=14,i=2,r=1,q=0}[ReservedThreadExecutor@35038141{s=0/1,p=0}]
11:58:43.862 [qtp878861517-27] DEBUG org.eclipse.jetty.io.ManagedSelector - update org.eclipse.jetty.io.ChannelEndPoint$$Lambda$437/0x00000001222a8418@60ccca1c
11:58:43.862 [qtp878861517-27] DEBUG org.eclipse.jetty.io.ChannelEndPoint - Key interests updated 0 -> 1 on NetworkTrafficSocketChannelEndPoint@1ef09cf9{l=/127.0.0.1:8081,r=/127.0.0.1:56539,OPEN,fill=FI,flush=-,to=1/30000}{io=1/1,kio=1,kro=0}->HttpConnection@7120f6fc[p=HttpParser{s=START,0 of -1},g=HttpGenerator@6bd89070{s=START}]=>HttpChannelOverHttp@294af61f{s=HttpChannelState@1bbe4c54{s=IDLE rs=BLOCKING os=OPEN is=IDLE awp=false se=false i=true al=0},r=0,c=false/false,a=IDLE,uri=null,age=0}
11:58:43.862 [qtp878861517-27] DEBUG org.eclipse.jetty.io.ManagedSelector - updates 0
11:58:43.862 [qtp878861517-27] DEBUG org.eclipse.jetty.io.ManagedSelector - Selector sun.nio.ch.KQueueSelectorImpl@6a8f615e waiting with 1 keys
11:58:43.862 [qtp878861517-27] DEBUG org.eclipse.jetty.io.ManagedSelector - Selector sun.nio.ch.KQueueSelectorImpl@6a8f615e woken up from select, 1/1/1 selected
11:58:43.862 [qtp878861517-27] DEBUG org.eclipse.jetty.io.ManagedSelector - Selector sun.nio.ch.KQueueSelectorImpl@6a8f615e processing 1 keys, 0 updates
11:58:43.862 [qtp878861517-27] DEBUG org.eclipse.jetty.io.ManagedSelector - selected 1 channel=java.nio.channels.SocketChannel[connected local=/127.0.0.1:8081 remote=/127.0.0.1:56539], selector=sun.nio.ch.KQueueSelectorImpl@6a8f615e, interestOps=1, readyOps=1 NetworkTrafficSocketChannelEndPoint@1ef09cf9{l=/127.0.0.1:8081,r=/127.0.0.1:56539,OPEN,fill=FI,flush=-,to=1/30000}{io=1/1,kio=1,kro=1}->HttpConnection@7120f6fc[p=HttpParser{s=START,0 of -1},g=HttpGenerator@6bd89070{s=START}]=>HttpChannelOverHttp@294af61f{s=HttpChannelState@1bbe4c54{s=IDLE rs=BLOCKING os=OPEN is=IDLE awp=false se=false i=true al=0},r=0,c=false/false,a=IDLE,uri=null,age=0} 
11:58:43.863 [qtp878861517-27] DEBUG org.eclipse.jetty.io.ChannelEndPoint - onSelected 1->0 r=true w=false for NetworkTrafficSocketChannelEndPoint@1ef09cf9{l=/127.0.0.1:8081,r=/127.0.0.1:56539,OPEN,fill=FI,flush=-,to=2/30000}{io=1/0,kio=1,kro=1}->HttpConnection@7120f6fc[p=HttpParser{s=START,0 of -1},g=HttpGenerator@6bd89070{s=START}]=>HttpChannelOverHttp@294af61f{s=HttpChannelState@1bbe4c54{s=IDLE rs=BLOCKING os=OPEN is=IDLE awp=false se=false i=true al=0},r=0,c=false/false,a=IDLE,uri=null,age=0}
11:58:43.863 [qtp878861517-27] DEBUG org.eclipse.jetty.io.ChannelEndPoint - task CEP:NetworkTrafficSocketChannelEndPoint@1ef09cf9{l=/127.0.0.1:8081,r=/127.0.0.1:56539,OPEN,fill=FI,flush=-,to=2/30000}{io=1/0,kio=1,kro=1}->HttpConnection@7120f6fc[p=HttpParser{s=START,0 of -1},g=HttpGenerator@6bd89070{s=START}]=>HttpChannelOverHttp@294af61f{s=HttpChannelState@1bbe4c54{s=IDLE rs=BLOCKING os=OPEN is=IDLE awp=false se=false i=true al=0},r=0,c=false/false,a=IDLE,uri=null,age=0}:runFillable:BLOCKING
11:58:43.863 [qtp878861517-27] DEBUG org.eclipse.jetty.util.thread.ReservedThreadExecutor - ReservedThreadExecutor@35038141{s=0/1,p=0} tryExecute EatWhatYouKill@5305c37d/SelectorProducer@51a06cbe/PRODUCING/p=false/QueuedThreadPool[qtp878861517]@34625ccd{STARTED,8<=8<=14,i=3,r=1,q=0}[ReservedThreadExecutor@35038141{s=0/1,p=0}][pc=0,pic=0,pec=0,epc=0]@2024-05-10T11:58:43.863455+01:00
11:58:43.863 [qtp878861517-27] DEBUG org.eclipse.jetty.util.thread.ReservedThreadExecutor - ReservedThreadExecutor@35038141{s=0/1,p=1} startReservedThread p=1
11:58:43.864 [qtp878861517-27] DEBUG org.eclipse.jetty.util.thread.QueuedThreadPool - queue ReservedThreadExecutor@35038141{s=0/1,p=1}@141aafac startThread=0
11:58:43.864 [qtp878861517-32] DEBUG org.eclipse.jetty.util.thread.QueuedThreadPool - run ReservedThreadExecutor@35038141{s=0/1,p=1}@141aafac in QueuedThreadPool[qtp878861517]@34625ccd{STARTED,8<=8<=14,i=2,r=1,q=0}[ReservedThreadExecutor@35038141{s=0/1,p=1}]
11:58:43.864 [qtp878861517-32] DEBUG org.eclipse.jetty.util.thread.ReservedThreadExecutor - ReservedThreadExecutor@35038141{s=1/1,p=1}@141aafac started
11:58:43.864 [qtp878861517-32] DEBUG org.eclipse.jetty.util.thread.ReservedThreadExecutor - ReservedThreadExecutor@35038141{s=1/1,p=0}@141aafac waiting
11:58:43.864 [qtp878861517-27] DEBUG org.eclipse.jetty.util.thread.strategy.EatWhatYouKill - EatWhatYouKill@5305c37d/SelectorProducer@51a06cbe/PRODUCING/p=false/QueuedThreadPool[qtp878861517]@34625ccd{STARTED,8<=8<=14,i=2,r=1,q=0}[ReservedThreadExecutor@35038141{s=1/1,p=1}][pc=0,pic=0,pec=0,epc=0]@2024-05-10T11:58:43.864321+01:00 m=PRODUCE_EXECUTE_CONSUME t=CEP:NetworkTrafficSocketChannelEndPoint@1ef09cf9{l=/127.0.0.1:8081,r=/127.0.0.1:56539,OPEN,fill=FI,flush=-,to=3/30000}{io=1/0,kio=1,kro=1}->HttpConnection@7120f6fc[p=HttpParser{s=START,0 of -1},g=HttpGenerator@6bd89070{s=START}]=>HttpChannelOverHttp@294af61f{s=HttpChannelState@1bbe4c54{s=IDLE rs=BLOCKING os=OPEN is=IDLE awp=false se=false i=true al=0},r=0,c=false/false,a=IDLE,uri=null,age=0}:runFillable:BLOCKING/BLOCKING
11:58:43.864 [qtp878861517-27] DEBUG org.eclipse.jetty.util.thread.QueuedThreadPool - queue CEP:NetworkTrafficSocketChannelEndPoint@1ef09cf9{l=/127.0.0.1:8081,r=/127.0.0.1:56539,OPEN,fill=FI,flush=-,to=3/30000}{io=1/0,kio=1,kro=1}->HttpConnection@7120f6fc[p=HttpParser{s=START,0 of -1},g=HttpGenerator@6bd89070{s=START}]=>HttpChannelOverHttp@294af61f{s=HttpChannelState@1bbe4c54{s=IDLE rs=BLOCKING os=OPEN is=IDLE awp=false se=false i=true al=0},r=0,c=false/false,a=IDLE,uri=null,age=0}:runFillable:BLOCKING startThread=0
11:58:43.864 [qtp878861517-27] DEBUG org.eclipse.jetty.io.ManagedSelector - updateable 0
11:58:43.864 [qtp878861517-33] DEBUG org.eclipse.jetty.util.thread.QueuedThreadPool - run CEP:NetworkTrafficSocketChannelEndPoint@1ef09cf9{l=/127.0.0.1:8081,r=/127.0.0.1:56539,OPEN,fill=FI,flush=-,to=3/30000}{io=1/0,kio=1,kro=1}->HttpConnection@7120f6fc[p=HttpParser{s=START,0 of -1},g=HttpGenerator@6bd89070{s=START}]=>HttpChannelOverHttp@294af61f{s=HttpChannelState@1bbe4c54{s=IDLE rs=BLOCKING os=OPEN is=IDLE awp=false se=false i=true al=0},r=0,c=false/false,a=IDLE,uri=null,age=0}:runFillable:BLOCKING in QueuedThreadPool[qtp878861517]@34625ccd{STARTED,8<=8<=14,i=1,r=1,q=0}[ReservedThreadExecutor@35038141{s=1/1,p=0}]
11:58:43.864 [qtp878861517-27] DEBUG org.eclipse.jetty.io.ManagedSelector - updates 0
11:58:43.865 [qtp878861517-33] DEBUG org.eclipse.jetty.io.FillInterest - fillable FillInterest@1ea3e955{AC.ReadCB@7120f6fc{HttpConnection@7120f6fc::NetworkTrafficSocketChannelEndPoint@1ef09cf9{l=/127.0.0.1:8081,r=/127.0.0.1:56539,OPEN,fill=FI,flush=-,to=4/30000}{io=1/0,kio=1,kro=1}->HttpConnection@7120f6fc[p=HttpParser{s=START,0 of -1},g=HttpGenerator@6bd89070{s=START}]=>HttpChannelOverHttp@294af61f{s=HttpChannelState@1bbe4c54{s=IDLE rs=BLOCKING os=OPEN is=IDLE awp=false se=false i=true al=0},r=0,c=false/false,a=IDLE,uri=null,age=0}}}
11:58:43.865 [qtp878861517-27] DEBUG org.eclipse.jetty.io.ChannelEndPoint - Key interests updated 1 -> 0 on NetworkTrafficSocketChannelEndPoint@1ef09cf9{l=/127.0.0.1:8081,r=/127.0.0.1:56539,OPEN,fill=FI,flush=-,to=4/30000}{io=0/0,kio=0,kro=1}->HttpConnection@7120f6fc[p=HttpParser{s=START,0 of -1},g=HttpGenerator@6bd89070{s=START}]=>HttpChannelOverHttp@294af61f{s=HttpChannelState@1bbe4c54{s=IDLE rs=BLOCKING os=OPEN is=IDLE awp=false se=false i=true al=0},r=0,c=false/false,a=IDLE,uri=null,age=0}
11:58:43.865 [qtp878861517-27] DEBUG org.eclipse.jetty.io.ManagedSelector - Selector sun.nio.ch.KQueueSelectorImpl@6a8f615e waiting with 1 keys
11:58:43.865 [qtp878861517-33] DEBUG org.eclipse.jetty.server.HttpConnection - HttpConnection@7120f6fc::NetworkTrafficSocketChannelEndPoint@1ef09cf9{l=/127.0.0.1:8081,r=/127.0.0.1:56539,OPEN,fill=-,flush=-,to=4/30000}{io=0/0,kio=0,kro=1}->HttpConnection@7120f6fc[p=HttpParser{s=START,0 of -1},g=HttpGenerator@6bd89070{s=START}]=>HttpChannelOverHttp@294af61f{s=HttpChannelState@1bbe4c54{s=IDLE rs=BLOCKING os=OPEN is=IDLE awp=false se=false i=true al=0},r=0,c=false/false,a=IDLE,uri=null,age=0} onFillable enter HttpChannelState@1bbe4c54{s=IDLE rs=BLOCKING os=OPEN is=IDLE awp=false se=false i=true al=0} null
11:58:43.866 [qtp878861517-33] DEBUG org.eclipse.jetty.io.ChannelEndPoint - filled 561 HeapByteBuffer@5b38ed52[p=0,l=561,c=8192,r=561]={<<<POST /__admin/mappings HT...32-8dee-edfece8fe75a"\n}>>>\x00\x00\x00\x00\x00\x00\x00\x00\x00...\x00\x00\x00\x00\x00\x00\x00}
11:58:43.866 [qtp878861517-33] DEBUG org.eclipse.jetty.server.HttpConnection - HttpConnection@7120f6fc::NetworkTrafficSocketChannelEndPoint@1ef09cf9{l=/127.0.0.1:8081,r=/127.0.0.1:56539,OPEN,fill=-,flush=-,to=0/30000}{io=0/0,kio=0,kro=1}->HttpConnection@7120f6fc[p=HttpParser{s=START,0 of -1},g=HttpGenerator@6bd89070{s=START}]=>HttpChannelOverHttp@294af61f{s=HttpChannelState@1bbe4c54{s=IDLE rs=BLOCKING os=OPEN is=IDLE awp=false se=false i=true al=0},r=0,c=false/false,a=IDLE,uri=null,age=0} filled 561 HeapByteBuffer@5b38ed52[p=0,l=561,c=8192,r=561]={<<<POST /__admin/mappings HT...32-8dee-edfece8fe75a"\n}>>>\x00\x00\x00\x00\x00\x00\x00\x00\x00...\x00\x00\x00\x00\x00\x00\x00}
11:58:43.866 [qtp878861517-33] DEBUG org.eclipse.jetty.server.HttpConnection - HttpConnection@7120f6fc::NetworkTrafficSocketChannelEndPoint@1ef09cf9{l=/127.0.0.1:8081,r=/127.0.0.1:56539,OPEN,fill=-,flush=-,to=0/30000}{io=0/0,kio=0,kro=1}->HttpConnection@7120f6fc[p=HttpParser{s=START,0 of -1},g=HttpGenerator@6bd89070{s=START}]=>HttpChannelOverHttp@294af61f{s=HttpChannelState@1bbe4c54{s=IDLE rs=BLOCKING os=OPEN is=IDLE awp=false se=false i=true al=0},r=0,c=false/false,a=IDLE,uri=null,age=0} parse HeapByteBuffer@5b38ed52[p=0,l=561,c=8192,r=561]={<<<POST /__admin/mappings HT...32-8dee-edfece8fe75a"\n}>>>\x00\x00\x00\x00\x00\x00\x00\x00\x00...\x00\x00\x00\x00\x00\x00\x00} {}
11:58:43.866 [qtp878861517-33] DEBUG org.eclipse.jetty.http.HttpParser - parseNext s=START HeapByteBuffer@5b38ed52[p=0,l=561,c=8192,r=561]={<<<POST /__admin/mappings HT...32-8dee-edfece8fe75a"\n}>>>\x00\x00\x00\x00\x00\x00\x00\x00\x00...\x00\x00\x00\x00\x00\x00\x00}
11:58:43.867 [qtp878861517-33] DEBUG org.eclipse.jetty.http.HttpParser - START --> SPACE1
11:58:43.868 [qtp878861517-33] DEBUG org.eclipse.jetty.http.HttpParser - SPACE1 --> URI
11:58:43.868 [qtp878861517-33] DEBUG org.eclipse.jetty.http.HttpParser - URI --> SPACE2
11:58:43.868 [qtp878861517-33] DEBUG org.eclipse.jetty.http.HttpParser - SPACE2 --> REQUEST_VERSION
11:58:43.869 [qtp878861517-33] DEBUG org.eclipse.jetty.http.HttpParser - REQUEST_VERSION --> HEADER
11:58:43.870 [qtp878861517-33] DEBUG org.eclipse.jetty.http.HttpParser - HEADER:Content-Length --> VALUE
11:58:43.870 [qtp878861517-33] DEBUG org.eclipse.jetty.http.HttpParser - HEADER:Content-Length --> IN_VALUE
11:58:43.870 [qtp878861517-33] DEBUG org.eclipse.jetty.http.HttpParser - HEADER:Content-Length --> FIELD
11:58:43.871 [qtp878861517-33] DEBUG org.eclipse.jetty.http.HttpParser - HEADER:Content-Type: text/plain; charset=UTF-8 --> IN_VALUE
11:58:43.871 [qtp878861517-33] DEBUG org.eclipse.jetty.http.HttpParser - HEADER:Content-Type: text/plain; charset=UTF-8 --> FIELD
11:58:43.871 [qtp878861517-33] DEBUG org.eclipse.jetty.http.HttpParser - HEADER:Host --> VALUE
11:58:43.871 [qtp878861517-33] DEBUG org.eclipse.jetty.http.HttpParser - HEADER:Host --> IN_VALUE
11:58:43.871 [qtp878861517-33] DEBUG org.eclipse.jetty.http.HttpParser - HEADER:Host --> FIELD
11:58:43.872 [qtp878861517-33] DEBUG org.eclipse.jetty.http.HttpParser - HEADER:Connection: keep-alive --> IN_VALUE
11:58:43.872 [qtp878861517-33] DEBUG org.eclipse.jetty.http.HttpParser - HEADER:Connection: keep-alive --> FIELD
11:58:43.874 [qtp878861517-33] DEBUG org.eclipse.jetty.http.HttpParser - HEADER:User-Agent --> VALUE
11:58:43.874 [qtp878861517-33] DEBUG org.eclipse.jetty.http.HttpParser - HEADER:User-Agent --> IN_VALUE
11:58:43.874 [qtp878861517-33] DEBUG org.eclipse.jetty.http.HttpParser - HEADER:User-Agent --> FIELD
11:58:43.874 [qtp878861517-33] DEBUG org.eclipse.jetty.http.HttpParser - HEADER --> CONTENT
11:58:43.875 [qtp878861517-33] DEBUG org.eclipse.jetty.server.HttpChannel - REQUEST for //localhost:8081/__admin/mappings on HttpChannelOverHttp@294af61f{s=HttpChannelState@1bbe4c54{s=IDLE rs=BLOCKING os=OPEN is=IDLE awp=false se=false i=true al=0},r=1,c=false/false,a=IDLE,uri=//localhost:8081/__admin/mappings,age=0}
POST //localhost:8081/__admin/mappings HTTP/1.1
Content-Length: 365
Content-Type: text/plain; charset=UTF-8
Host: localhost:8081
Connection: keep-alive
User-Agent: Apache-HttpClient/4.5.13 (Java/17.0.11)


11:58:43.875 [qtp878861517-33] DEBUG org.eclipse.jetty.server.HttpConnection - HttpConnection@7120f6fc::NetworkTrafficSocketChannelEndPoint@1ef09cf9{l=/127.0.0.1:8081,r=/127.0.0.1:56539,OPEN,fill=-,flush=-,to=9/30000}{io=0/0,kio=0,kro=1}->HttpConnection@7120f6fc[p=HttpParser{s=CONTENT,0 of 365},g=HttpGenerator@6bd89070{s=START}]=>HttpChannelOverHttp@294af61f{s=HttpChannelState@1bbe4c54{s=IDLE rs=BLOCKING os=OPEN is=IDLE awp=false se=false i=true al=0},r=1,c=false/false,a=IDLE,uri=//localhost:8081/__admin/mappings,age=1} parsed true HttpParser{s=CONTENT,0 of 365}
11:58:43.876 [qtp878861517-33] DEBUG org.eclipse.jetty.server.HttpChannel - handle //localhost:8081/__admin/mappings HttpChannelOverHttp@294af61f{s=HttpChannelState@1bbe4c54{s=IDLE rs=BLOCKING os=OPEN is=IDLE awp=false se=false i=true al=0},r=1,c=false/false,a=IDLE,uri=//localhost:8081/__admin/mappings,age=2} 
11:58:43.876 [qtp878861517-33] DEBUG org.eclipse.jetty.server.HttpChannelState - handling HttpChannelState@1bbe4c54{s=IDLE rs=BLOCKING os=OPEN is=IDLE awp=false se=false i=true al=0}
11:58:43.876 [qtp878861517-33] DEBUG org.eclipse.jetty.server.HttpChannel - action DISPATCH HttpChannelOverHttp@294af61f{s=HttpChannelState@1bbe4c54{s=HANDLING rs=BLOCKING os=OPEN is=IDLE awp=false se=false i=true al=0},r=1,c=false/false,a=HANDLING,uri=//localhost:8081/__admin/mappings,age=2}
11:58:43.878 [qtp878861517-33] DEBUG org.eclipse.jetty.server.Server - REQUEST POST /__admin/mappings on HttpChannelOverHttp@294af61f{s=HttpChannelState@1bbe4c54{s=HANDLING rs=BLOCKING os=OPEN is=IDLE awp=false se=false i=true al=0},r=1,c=false/false,a=HANDLING,uri=//localhost:8081/__admin/mappings,age=3}
11:58:43.878 [qtp878861517-33] DEBUG org.eclipse.jetty.server.handler.ContextHandler - scope null||/__admin/mappings @ o.e.j.s.ServletContextHandler@3a1d593e{/__admin,null,AVAILABLE}
11:58:43.878 [qtp878861517-33] DEBUG org.eclipse.jetty.server.handler.ContextHandler - context=/__admin||/mappings @ o.e.j.s.ServletContextHandler@3a1d593e{/__admin,null,AVAILABLE}
11:58:43.878 [qtp878861517-33] DEBUG org.eclipse.jetty.servlet.ServletHandler - servlet /__admin|/mappings|null -> com.github.tomakehurst.wiremock.servlet.WireMockHandlerDispatchingServlet-2baa8d82@937f5784==com.github.tomakehurst.wiremock.servlet.WireMockHandlerDispatchingServlet,jsp=null,order=-1,inst=false,async=true
11:58:43.880 [qtp878861517-33] DEBUG org.eclipse.jetty.servlet.ServletHandler - chain=org.eclipse.jetty.servlets.CrossOriginFilter-49f5c307@49f5c307==org.eclipse.jetty.servlets.CrossOriginFilter,inst=true,async=true->com.github.tomakehurst.wiremock.servlet.WireMockHandlerDispatchingServlet-2baa8d82@937f5784==com.github.tomakehurst.wiremock.servlet.WireMockHandlerDispatchingServlet,jsp=null,order=-1,inst=false,async=true
11:58:43.885 [qtp878861517-33] DEBUG org.eclipse.jetty.servlet.ServletHolder - Servlet.init com.github.tomakehurst.wiremock.servlet.WireMockHandlerDispatchingServlet@70816b38 for com.github.tomakehurst.wiremock.servlet.WireMockHandlerDispatchingServlet-2baa8d82
11:58:43.885 [qtp878861517-33] INFO org.eclipse.jetty.server.handler.ContextHandler.__admin - RequestHandlerClass from context returned com.github.tomakehurst.wiremock.http.AdminRequestHandler. Normalized mapped under returned 'null'
11:58:43.885 [qtp878861517-33] DEBUG org.eclipse.jetty.servlet.ServletHandler - call filter org.eclipse.jetty.servlets.CrossOriginFilter-49f5c307@49f5c307==org.eclipse.jetty.servlets.CrossOriginFilter,inst=true,async=true
11:58:43.886 [qtp878861517-33] DEBUG org.eclipse.jetty.servlet.ServletHandler - call servlet com.github.tomakehurst.wiremock.servlet.WireMockHandlerDispatchingServlet-2baa8d82@937f5784==com.github.tomakehurst.wiremock.servlet.WireMockHandlerDispatchingServlet,jsp=null,order=-1,inst=true,async=true
11:58:43.892 [qtp878861517-33] DEBUG org.eclipse.jetty.server.HttpConnection - HttpConnection@7120f6fc::NetworkTrafficSocketChannelEndPoint@1ef09cf9{l=/127.0.0.1:8081,r=/127.0.0.1:56539,OPEN,fill=-,flush=-,to=26/30000}{io=0/0,kio=0,kro=1}->HttpConnection@7120f6fc[p=HttpParser{s=CONTENT,0 of 365},g=HttpGenerator@6bd89070{s=START}]=>HttpChannelOverHttp@294af61f{s=HttpChannelState@1bbe4c54{s=HANDLING rs=BLOCKING os=OPEN is=IDLE awp=false se=false i=true al=0},r=1,c=false/false,a=HANDLING,uri=//localhost:8081/__admin/mappings,age=18} parse HeapByteBuffer@5b38ed52[p=196,l=561,c=8192,r=365]={POST /__a...11)\r\n\r\n<<<{\n  "id" : "e0bb5110-9d58...32-8dee-edfece8fe75a"\n}>>>\x00\x00\x00\x00\x00\x00\x00\x00\x00...\x00\x00\x00\x00\x00\x00\x00} {}
11:58:43.893 [qtp878861517-33] DEBUG org.eclipse.jetty.http.HttpParser - parseNext s=CONTENT HeapByteBuffer@5b38ed52[p=196,l=561,c=8192,r=365]={POST /__a...11)\r\n\r\n<<<{\n  "id" : "e0bb5110-9d58...32-8dee-edfece8fe75a"\n}>>>\x00\x00\x00\x00\x00\x00\x00\x00\x00...\x00\x00\x00\x00\x00\x00\x00}
11:58:43.893 [qtp878861517-33] DEBUG org.eclipse.jetty.server.HttpChannel - onContent HttpChannelOverHttp@294af61f{s=HttpChannelState@1bbe4c54{s=HANDLING rs=BLOCKING os=OPEN is=IDLE awp=false se=false i=true al=0},r=1,c=false/false,a=HANDLING,uri=//localhost:8081/__admin/mappings,age=19} Content@21465688{HeapByteBufferR@2505f35[p=196,l=561,c=8192,r=365]={POST /__a...11)\r\n\r\n<<<{\n  "id" : "e0bb5110-9d58...32-8dee-edfece8fe75a"\n}>>>\x00\x00\x00\x00\x00\x00\x00\x00\x00...\x00\x00\x00\x00\x00\x00\x00}}
11:58:43.893 [qtp878861517-33] DEBUG org.eclipse.jetty.server.HttpInput - HttpInputOverHTTP@2740d442[c=0,q=0,[0]=null,s=STREAM] addContent Content@21465688{HeapByteBufferR@2505f35[p=196,l=561,c=8192,r=365]={POST /__a...11)\r\n\r\n<<<{\n  "id" : "e0bb5110-9d58...32-8dee-edfece8fe75a"\n}>>>\x00\x00\x00\x00\x00\x00\x00\x00\x00...\x00\x00\x00\x00\x00\x00\x00}}
11:58:43.893 [qtp878861517-33] DEBUG org.eclipse.jetty.http.HttpParser - CONTENT --> CONTENT_END
11:58:43.893 [qtp878861517-33] DEBUG org.eclipse.jetty.server.HttpChannel - onContentComplete HttpChannelOverHttp@294af61f{s=HttpChannelState@1bbe4c54{s=HANDLING rs=BLOCKING os=OPEN is=IDLE awp=false se=false i=true al=0},r=1,c=false/false,a=HANDLING,uri=//localhost:8081/__admin/mappings,age=19}
11:58:43.893 [qtp878861517-33] DEBUG org.eclipse.jetty.http.HttpParser - CONTENT_END --> END
11:58:43.893 [qtp878861517-33] DEBUG org.eclipse.jetty.server.HttpChannel - onRequestComplete HttpChannelOverHttp@294af61f{s=HttpChannelState@1bbe4c54{s=HANDLING rs=BLOCKING os=OPEN is=IDLE awp=false se=false i=true al=0},r=1,c=false/false,a=HANDLING,uri=//localhost:8081/__admin/mappings,age=19}
11:58:43.893 [qtp878861517-33] DEBUG org.eclipse.jetty.server.HttpInput - HttpInputOverHTTP@2740d442[c=0,q=1,[0]=EOF,s=STREAM] addContent EOF
11:58:43.894 [qtp878861517-33] DEBUG org.eclipse.jetty.server.HttpConnection - HttpConnection@7120f6fc::NetworkTrafficSocketChannelEndPoint@1ef09cf9{l=/127.0.0.1:8081,r=/127.0.0.1:56539,OPEN,fill=-,flush=-,to=28/30000}{io=0/0,kio=0,kro=1}->HttpConnection@7120f6fc[p=HttpParser{s=END,365 of 365},g=HttpGenerator@6bd89070{s=START}]=>HttpChannelOverHttp@294af61f{s=HttpChannelState@1bbe4c54{s=HANDLING rs=BLOCKING os=OPEN is=IDLE awp=false se=false i=true al=0},r=1,c=false/false,a=HANDLING,uri=//localhost:8081/__admin/mappings,age=20} parsed false HttpParser{s=END,365 of 365}
11:58:43.894 [qtp878861517-33] DEBUG org.eclipse.jetty.server.HttpInput - HttpInputOverHTTP@2740d442[c=365,q=1,[0]=EOF,s=STREAM] read 365 from Content@21465688{HeapByteBufferR@2505f35[p=561,l=561,c=8192,r=0]={POST /__a...e75a"\n}<<<>>>\x00\x00\x00\x00\x00\x00\x00\x00\x00...\x00\x00\x00\x00\x00\x00\x00}}
[...]
11:58:44.195 [qtp899675353-50] DEBUG org.eclipse.jetty.io.ManagedSelector - Selector sun.nio.ch.KQueueSelectorImpl@37795db2 processing 0 keys, 1 updates
11:58:44.195 [qtp899675353-50] DEBUG org.eclipse.jetty.io.ManagedSelector - updateable 1
11:58:44.195 [qtp899675353-50] DEBUG org.eclipse.jetty.io.ManagedSelector - update org.eclipse.jetty.io.ManagedSelector$CloseConnections@58e85c6f
11:58:44.195 [qtp899675353-50] DEBUG org.eclipse.jetty.io.ManagedSelector - Closing 0 connections on ManagedSelector@5bcb04cb{STOPPING} id=0 keys=0 selected=0 updates=0
11:58:44.195 [qtp899675353-50] DEBUG org.eclipse.jetty.io.ManagedSelector - updates 0
11:58:44.196 [qtp899675353-50] DEBUG org.eclipse.jetty.io.ManagedSelector - Selector sun.nio.ch.KQueueSelectorImpl@37795db2 waiting with 0 keys
11:58:44.196 [Test worker] DEBUG org.eclipse.jetty.io.ManagedSelector - Queued change lazy=false org.eclipse.jetty.io.ManagedSelector$StopSelector@a137d7a on ManagedSelector@5bcb04cb{STOPPING} id=0 keys=0 selected=0 updates=0
11:58:44.196 [Test worker] DEBUG org.eclipse.jetty.io.ManagedSelector - Wakeup on submit ManagedSelector@5bcb04cb{STOPPING} id=0 keys=0 selected=0 updates=1
11:58:44.196 [qtp899675353-50] DEBUG org.eclipse.jetty.io.ManagedSelector - Selector sun.nio.ch.KQueueSelectorImpl@37795db2 woken with none selected
11:58:44.196 [qtp899675353-50] DEBUG org.eclipse.jetty.io.ManagedSelector - Selector sun.nio.ch.KQueueSelectorImpl@37795db2 woken up from select, 0/0/0 selected
11:58:44.196 [qtp899675353-50] DEBUG org.eclipse.jetty.io.ManagedSelector - Selector sun.nio.ch.KQueueSelectorImpl@37795db2 processing 0 keys, 1 updates
11:58:44.196 [qtp899675353-50] DEBUG org.eclipse.jetty.io.ManagedSelector - updateable 1
11:58:44.196 [qtp899675353-50] DEBUG org.eclipse.jetty.io.ManagedSelector - update org.eclipse.jetty.io.ManagedSelector$StopSelector@a137d7a
11:58:44.196 [qtp899675353-50] DEBUG org.eclipse.jetty.io.ManagedSelector - updates 0
11:58:44.196 [Test worker] DEBUG org.eclipse.jetty.util.component.AbstractLifeCycle - stopping EatWhatYouKill@5b498842/SelectorProducer@1cb37ee4/PRODUCING/p=false/QueuedThreadPool[qtp899675353]@359ff4d9{STARTED,8<=8<=14,i=6,r=1,q=0}[ReservedThreadExecutor@4cb0a000{s=1/1,p=0}][pc=0,pic=0,pec=0,epc=1]@2024-05-10T11:58:44.19638+01:00
11:58:44.196 [qtp899675353-50] DEBUG org.eclipse.jetty.util.thread.ReservedThreadExecutor - ReservedThreadExecutor@4cb0a000{s=1/1,p=0}@627a8ef4 size 1 > capacity
11:58:44.196 [qtp899675353-50] DEBUG org.eclipse.jetty.util.thread.QueuedThreadPool - ran ReservedThreadExecutor@4cb0a000{s=1/1,p=0}@627a8ef4 in QueuedThreadPool[qtp899675353]@359ff4d9{STARTED,8<=8<=14,i=6,r=1,q=0}[ReservedThreadExecutor@4cb0a000{s=1/1,p=0}]
11:58:44.196 [Test worker] DEBUG org.eclipse.jetty.util.component.AbstractLifeCycle - STOPPED EatWhatYouKill@5b498842/SelectorProducer@1cb37ee4/IDLE/p=false/QueuedThreadPool[qtp899675353]@359ff4d9{STARTED,8<=8<=14,i=6,r=1,q=0}[ReservedThreadExecutor@4cb0a000{s=1/1,p=0}][pc=0,pic=0,pec=0,epc=1]@2024-05-10T11:58:44.19654+01:00
11:58:44.196 [Test worker] DEBUG org.eclipse.jetty.util.component.AbstractLifeCycle - STOPPED ManagedSelector@5bcb04cb{STOPPED} id=0 keys=-1 selected=-1 updates=0
11:58:44.196 [Test worker] DEBUG org.eclipse.jetty.util.component.AbstractLifeCycle - STOPPED SelectorManager@NetworkTrafficServerConnector@5fc930f0{HTTP/1.1, (http/1.1)}{0.0.0.0:8081}
11:58:44.196 [Test worker] DEBUG org.eclipse.jetty.util.component.AbstractLifeCycle - stopping HttpConnectionFactory@f4cfd90[HTTP/1.1]
11:58:44.196 [Test worker] DEBUG org.eclipse.jetty.util.component.AbstractLifeCycle - STOPPED HttpConnectionFactory@f4cfd90[HTTP/1.1]
11:58:44.196 [Test worker] DEBUG org.eclipse.jetty.util.component.AbstractLifeCycle - stopping ScheduledExecutorScheduler@3701e6e4{STARTED}
11:58:44.196 [Test worker] DEBUG org.eclipse.jetty.util.component.AbstractLifeCycle - STOPPED ScheduledExecutorScheduler@3701e6e4{STOPPED}
11:58:44.197 [Test worker] INFO org.eclipse.jetty.server.AbstractConnector - Stopped NetworkTrafficServerConnector@5fc930f0{HTTP/1.1, (http/1.1)}{0.0.0.0:8081}
11:58:44.197 [Test worker] DEBUG org.eclipse.jetty.util.component.AbstractLifeCycle - STOPPED NetworkTrafficServerConnector@5fc930f0{HTTP/1.1, (http/1.1)}{0.0.0.0:8081}
11:58:44.197 [Test worker] DEBUG org.eclipse.jetty.server.handler.AbstractHandler - stopping Server@7a22a3c2{STOPPING}[9.4.31.v20200723]
11:58:44.197 [Test worker] DEBUG org.eclipse.jetty.util.component.AbstractLifeCycle - stopping ErrorHandler@7c2312fa{STARTED}
11:58:44.197 [Test worker] DEBUG org.eclipse.jetty.server.handler.AbstractHandler - stopping ErrorHandler@7c2312fa{STOPPING}
11:58:44.197 [Test worker] DEBUG org.eclipse.jetty.util.component.AbstractLifeCycle - STOPPED ErrorHandler@7c2312fa{STOPPED}
11:58:44.197 [Test worker] DEBUG org.eclipse.jetty.util.component.AbstractLifeCycle - stopping HandlerCollection@30501e60{STARTED}
11:58:44.197 [Test worker] DEBUG org.eclipse.jetty.server.handler.AbstractHandler - stopping HandlerCollection@30501e60{STOPPING}
11:58:44.197 [Test worker] DEBUG org.eclipse.jetty.util.component.AbstractLifeCycle - stopping GzipHandler@289778cd{STARTED,min=32,inflate=-1}
11:58:44.197 [Test worker] DEBUG org.eclipse.jetty.server.handler.AbstractHandler - stopping GzipHandler@289778cd{STOPPING,min=32,inflate=-1}
11:58:44.197 [Test worker] DEBUG org.eclipse.jetty.util.component.AbstractLifeCycle - stopping o.e.j.s.ServletContextHandler@6401d0a0{/,null,SHUTDOWN}
11:58:44.197 [Test worker] DEBUG org.eclipse.jetty.server.handler.AbstractHandlerContainer - Graceful shutdown o.e.j.s.ServletContextHandler@6401d0a0{/,null,SHUTDOWN} by 
11:58:44.197 [Test worker] DEBUG org.eclipse.jetty.server.handler.AbstractHandler - stopping o.e.j.s.ServletContextHandler@6401d0a0{/,null,UNAVAILABLE}
11:58:44.197 [Test worker] DEBUG org.eclipse.jetty.util.component.AbstractLifeCycle - stopping NotFoundHandler@27a7ef08{STARTED}
11:58:44.197 [Test worker] DEBUG org.eclipse.jetty.server.handler.AbstractHandler - stopping NotFoundHandler@27a7ef08{STOPPING}
11:58:44.197 [Test worker] DEBUG org.eclipse.jetty.util.component.AbstractLifeCycle - STOPPED NotFoundHandler@27a7ef08{STOPPED}
11:58:44.197 [Test worker] DEBUG org.eclipse.jetty.util.component.AbstractLifeCycle - stopping ServletHandler@71dfcf21{STARTED}
11:58:44.197 [Test worker] DEBUG org.eclipse.jetty.server.handler.AbstractHandler - stopping ServletHandler@71dfcf21{STOPPING}
11:58:44.197 [Test worker] DEBUG org.eclipse.jetty.util.component.AbstractLifeCycle - stopping com.github.tomakehurst.wiremock.servlet.TrailingSlashFilter-11e33bac@11e33bac==com.github.tomakehurst.wiremock.servlet.TrailingSlashFilter,inst=true,async=true
11:58:44.197 [Test worker] DEBUG org.eclipse.jetty.util.component.AbstractLifeCycle - STOPPED com.github.tomakehurst.wiremock.servlet.TrailingSlashFilter-11e33bac@11e33bac==com.github.tomakehurst.wiremock.servlet.TrailingSlashFilter,inst=false,async=true
11:58:44.197 [Test worker] DEBUG org.eclipse.jetty.util.component.AbstractLifeCycle - stopping com.github.tomakehurst.wiremock.servlet.ContentTypeSettingFilter-280e8a1a@280e8a1a==com.github.tomakehurst.wiremock.servlet.ContentTypeSettingFilter,inst=true,async=true
11:58:44.197 [Test worker] DEBUG org.eclipse.jetty.util.component.AbstractLifeCycle - STOPPED com.github.tomakehurst.wiremock.servlet.ContentTypeSettingFilter-280e8a1a@280e8a1a==com.github.tomakehurst.wiremock.servlet.ContentTypeSettingFilter,inst=false,async=true
11:58:44.197 [Test worker] DEBUG org.eclipse.jetty.util.component.AbstractLifeCycle - stopping com.github.tomakehurst.wiremock.servlet.WireMockHandlerDispatchingServlet-61f80d55@193587af==com.github.tomakehurst.wiremock.servlet.WireMockHandlerDispatchingServlet,jsp=null,order=-1,inst=true,async=true
11:58:44.197 [Test worker] DEBUG org.eclipse.jetty.util.component.AbstractLifeCycle - STOPPED com.github.tomakehurst.wiremock.servlet.WireMockHandlerDispatchingServlet-61f80d55@193587af==com.github.tomakehurst.wiremock.servlet.WireMockHandlerDispatchingServlet,jsp=null,order=-1,inst=false,async=true
11:58:44.197 [Test worker] DEBUG org.eclipse.jetty.util.component.AbstractLifeCycle - stopping org.eclipse.jetty.servlet.DefaultServlet-b965857@797a105==org.eclipse.jetty.servlet.DefaultServlet,jsp=null,order=-1,inst=false,async=true
11:58:44.197 [Test worker] DEBUG org.eclipse.jetty.util.component.AbstractLifeCycle - STOPPED org.eclipse.jetty.servlet.DefaultServlet-b965857@797a105==org.eclipse.jetty.servlet.DefaultServlet,jsp=null,order=-1,inst=false,async=true
11:58:44.197 [Test worker] DEBUG org.eclipse.jetty.util.component.AbstractLifeCycle - STOPPED ServletHandler@71dfcf21{STOPPED}
11:58:44.197 [Test worker] INFO org.eclipse.jetty.server.handler.ContextHandler - Stopped o.e.j.s.ServletContextHandler@6401d0a0{/,null,UNAVAILABLE}
11:58:44.197 [Test worker] DEBUG org.eclipse.jetty.util.component.AbstractLifeCycle - STOPPED o.e.j.s.ServletContextHandler@6401d0a0{/,null,UNAVAILABLE}
11:58:44.197 [Test worker] DEBUG org.eclipse.jetty.util.component.AbstractLifeCycle - STOPPED GzipHandler@289778cd{STOPPED,min=32,inflate=-1}
11:58:44.197 [Test worker] DEBUG org.eclipse.jetty.util.component.AbstractLifeCycle - stopping o.e.j.s.ServletContextHandler@65f58c6e{/__admin,null,SHUTDOWN}
11:58:44.197 [Test worker] DEBUG org.eclipse.jetty.server.handler.AbstractHandlerContainer - Graceful shutdown o.e.j.s.ServletContextHandler@65f58c6e{/__admin,null,SHUTDOWN} by 
11:58:44.197 [Test worker] DEBUG org.eclipse.jetty.server.handler.AbstractHandler - stopping o.e.j.s.ServletContextHandler@65f58c6e{/__admin,null,UNAVAILABLE}
11:58:44.197 [Test worker] DEBUG org.eclipse.jetty.util.component.AbstractLifeCycle - stopping ServletHandler@4ba380c7{STARTED}
11:58:44.197 [Test worker] DEBUG org.eclipse.jetty.server.handler.AbstractHandler - stopping ServletHandler@4ba380c7{STOPPING}
11:58:44.197 [Test worker] DEBUG org.eclipse.jetty.util.component.AbstractLifeCycle - stopping org.eclipse.jetty.servlets.CrossOriginFilter-7ea08277@7ea08277==org.eclipse.jetty.servlets.CrossOriginFilter,inst=true,async=true
11:58:44.197 [Test worker] DEBUG org.eclipse.jetty.util.component.AbstractLifeCycle - STOPPED org.eclipse.jetty.servlets.CrossOriginFilter-7ea08277@7ea08277==org.eclipse.jetty.servlets.CrossOriginFilter,inst=false,async=true
11:58:44.197 [Test worker] DEBUG org.eclipse.jetty.util.component.AbstractLifeCycle - stopping com.github.tomakehurst.wiremock.servlet.WireMockHandlerDispatchingServlet-29528a22@ccf4421b==com.github.tomakehurst.wiremock.servlet.WireMockHandlerDispatchingServlet,jsp=null,order=-1,inst=true,async=true
11:58:44.197 [Test worker] DEBUG org.eclipse.jetty.util.component.AbstractLifeCycle - STOPPED com.github.tomakehurst.wiremock.servlet.WireMockHandlerDispatchingServlet-29528a22@ccf4421b==com.github.tomakehurst.wiremock.servlet.WireMockHandlerDispatchingServlet,jsp=null,order=-1,inst=false,async=true
11:58:44.197 [Test worker] DEBUG org.eclipse.jetty.util.component.AbstractLifeCycle - stopping org.eclipse.jetty.servlet.DefaultServlet-31133b6e@292d61dd==org.eclipse.jetty.servlet.DefaultServlet,jsp=null,order=-1,inst=false,async=true
11:58:44.198 [Test worker] DEBUG org.eclipse.jetty.util.component.AbstractLifeCycle - STOPPED org.eclipse.jetty.servlet.DefaultServlet-31133b6e@292d61dd==org.eclipse.jetty.servlet.DefaultServlet,jsp=null,order=-1,inst=false,async=true
11:58:44.198 [Test worker] DEBUG org.eclipse.jetty.util.component.AbstractLifeCycle - stopping org.eclipse.jetty.servlet.DefaultServlet-784c5ef5@42c19fce==org.eclipse.jetty.servlet.DefaultServlet,jsp=null,order=-1,inst=false,async=true
11:58:44.198 [Test worker] DEBUG org.eclipse.jetty.util.component.AbstractLifeCycle - STOPPED org.eclipse.jetty.servlet.DefaultServlet-784c5ef5@42c19fce==org.eclipse.jetty.servlet.DefaultServlet,jsp=null,order=-1,inst=false,async=true
11:58:44.198 [Test worker] DEBUG org.eclipse.jetty.util.component.AbstractLifeCycle - STOPPED ServletHandler@4ba380c7{STOPPED}
11:58:44.198 [Test worker] INFO org.eclipse.jetty.server.handler.ContextHandler - Stopped o.e.j.s.ServletContextHandler@65f58c6e{/__admin,null,UNAVAILABLE}
11:58:44.198 [Test worker] DEBUG org.eclipse.jetty.util.component.AbstractLifeCycle - STOPPED o.e.j.s.ServletContextHandler@65f58c6e{/__admin,null,UNAVAILABLE}
11:58:44.198 [Test worker] DEBUG org.eclipse.jetty.util.component.AbstractLifeCycle - STOPPED HandlerCollection@30501e60{STOPPED}
11:58:44.198 [Test worker] DEBUG org.eclipse.jetty.util.component.AbstractLifeCycle - stopping QueuedThreadPool[qtp899675353]@359ff4d9{STARTED,8<=8<=14,i=7,r=1,q=0}[ReservedThreadExecutor@4cb0a000{s=1/1,p=0}]
11:58:44.198 [Test worker] DEBUG org.eclipse.jetty.util.thread.QueuedThreadPool - Stopping QueuedThreadPool[qtp899675353]@359ff4d9{STOPPING,8<=8<=14,i=7,r=-1,q=0}[ReservedThreadExecutor@4cb0a000{s=1/1,p=0}]
11:58:44.198 [Test worker] DEBUG org.eclipse.jetty.util.component.AbstractLifeCycle - stopping ReservedThreadExecutor@4cb0a000{s=1/1,p=0}
11:58:44.198 [Test worker] DEBUG org.eclipse.jetty.util.thread.ReservedThreadExecutor - ReservedThreadExecutor@4cb0a000{s=0/1,p=0}@3d8136c2 offer STOP!
11:58:44.198 [Test worker] DEBUG org.eclipse.jetty.util.component.AbstractLifeCycle - STOPPED ReservedThreadExecutor@4cb0a000{s=-1/1,p=0}
11:58:44.198 [Test worker] DEBUG org.eclipse.jetty.util.thread.QueuedThreadPool - Waiting for Thread[qtp899675353-47,5,main] for 499
11:58:44.198 [qtp899675353-51] DEBUG org.eclipse.jetty.util.thread.ReservedThreadExecutor - ReservedThreadExecutor@4cb0a000{s=-1/1,p=0}@3d8136c2 task=STOP!
11:58:44.198 [qtp899675353-46] DEBUG org.eclipse.jetty.util.thread.QueuedThreadPool - run org.eclipse.jetty.util.thread.QueuedThreadPool$$Lambda$409/0x00000001221f0b18@36119ddb in QueuedThreadPool[qtp899675353]@359ff4d9{STOPPING,8<=0<=14,i=7,r=-1,q=0}[NO_TRY]
11:58:44.198 [qtp899675353-51] DEBUG org.eclipse.jetty.util.thread.ReservedThreadExecutor - ReservedThreadExecutor@4cb0a000{s=-1/1,p=0}@3d8136c2 Exited
11:58:44.198 [qtp899675353-49] DEBUG org.eclipse.jetty.util.thread.QueuedThreadPool - run org.eclipse.jetty.util.thread.QueuedThreadPool$$Lambda$409/0x00000001221f0b18@36119ddb in QueuedThreadPool[qtp899675353]@359ff4d9{STOPPING,8<=0<=14,i=7,r=-1,q=0}[NO_TRY]
11:58:44.198 [qtp899675353-45] DEBUG org.eclipse.jetty.util.thread.QueuedThreadPool - run org.eclipse.jetty.util.thread.QueuedThreadPool$$Lambda$409/0x00000001221f0b18@36119ddb in QueuedThreadPool[qtp899675353]@359ff4d9{STOPPING,8<=0<=14,i=7,r=-1,q=0}[NO_TRY]
11:58:44.198 [qtp899675353-46] DEBUG org.eclipse.jetty.util.thread.QueuedThreadPool - ran org.eclipse.jetty.util.thread.QueuedThreadPool$$Lambda$409/0x00000001221f0b18@36119ddb in QueuedThreadPool[qtp899675353]@359ff4d9{STOPPING,8<=0<=14,i=7,r=-1,q=0}[NO_TRY]
11:58:44.198 [qtp899675353-50] DEBUG org.eclipse.jetty.util.thread.QueuedThreadPool - run org.eclipse.jetty.util.thread.QueuedThreadPool$$Lambda$409/0x00000001221f0b18@36119ddb in QueuedThreadPool[qtp899675353]@359ff4d9{STOPPING,8<=0<=14,i=7,r=-1,q=0}[NO_TRY]
11:58:44.198 [qtp899675353-48] DEBUG org.eclipse.jetty.util.thread.QueuedThreadPool - run org.eclipse.jetty.util.thread.QueuedThreadPool$$Lambda$409/0x00000001221f0b18@36119ddb in QueuedThreadPool[qtp899675353]@359ff4d9{STOPPING,8<=0<=14,i=7,r=-1,q=0}[NO_TRY]
11:58:44.198 [qtp899675353-47] DEBUG org.eclipse.jetty.util.thread.QueuedThreadPool - run org.eclipse.jetty.util.thread.QueuedThreadPool$$Lambda$409/0x00000001221f0b18@36119ddb in QueuedThreadPool[qtp899675353]@359ff4d9{STOPPING,8<=0<=14,i=7,r=-1,q=0}[NO_TRY]
11:58:44.198 [qtp899675353-44] DEBUG org.eclipse.jetty.util.thread.QueuedThreadPool - run org.eclipse.jetty.util.thread.QueuedThreadPool$$Lambda$409/0x00000001221f0b18@36119ddb in QueuedThreadPool[qtp899675353]@359ff4d9{STOPPING,8<=0<=14,i=7,r=-1,q=0}[NO_TRY]
11:58:44.198 [qtp899675353-48] DEBUG org.eclipse.jetty.util.thread.QueuedThreadPool - ran org.eclipse.jetty.util.thread.QueuedThreadPool$$Lambda$409/0x00000001221f0b18@36119ddb in QueuedThreadPool[qtp899675353]@359ff4d9{STOPPING,8<=0<=14,i=7,r=-1,q=0}[NO_TRY]
11:58:44.198 [qtp899675353-47] DEBUG org.eclipse.jetty.util.thread.QueuedThreadPool - ran org.eclipse.jetty.util.thread.QueuedThreadPool$$Lambda$409/0x00000001221f0b18@36119ddb in QueuedThreadPool[qtp899675353]@359ff4d9{STOPPING,8<=0<=14,i=7,r=-1,q=0}[NO_TRY]
11:58:44.198 [qtp899675353-44] DEBUG org.eclipse.jetty.util.thread.QueuedThreadPool - ran org.eclipse.jetty.util.thread.QueuedThreadPool$$Lambda$409/0x00000001221f0b18@36119ddb in QueuedThreadPool[qtp899675353]@359ff4d9{STOPPING,8<=0<=14,i=7,r=-1,q=0}[NO_TRY]
11:58:44.198 [qtp899675353-51] DEBUG org.eclipse.jetty.util.thread.QueuedThreadPool - ran ReservedThreadExecutor@4cb0a000{s=-1/1,p=0}@3d8136c2 in QueuedThreadPool[qtp899675353]@359ff4d9{STOPPING,8<=0<=14,i=7,r=-1,q=0}[NO_TRY]
11:58:44.199 [qtp899675353-47] DEBUG org.eclipse.jetty.util.thread.QueuedThreadPool - Thread[qtp899675353-47,5,main] exited for QueuedThreadPool[qtp899675353]@359ff4d9{STOPPING,8<=0<=14,i=7,r=-1,q=0}[NO_TRY]
11:58:44.198 [qtp899675353-49] DEBUG org.eclipse.jetty.util.thread.QueuedThreadPool - ran org.eclipse.jetty.util.thread.QueuedThreadPool$$Lambda$409/0x00000001221f0b18@36119ddb in QueuedThreadPool[qtp899675353]@359ff4d9{STOPPING,8<=0<=14,i=7,r=-1,q=0}[NO_TRY]
11:58:44.199 [qtp899675353-44] DEBUG org.eclipse.jetty.util.thread.QueuedThreadPool - Thread[qtp899675353-44,5,main] exited for QueuedThreadPool[qtp899675353]@359ff4d9{STOPPING,8<=0<=14,i=7,r=-1,q=0}[NO_TRY]
11:58:44.199 [Test worker] DEBUG org.eclipse.jetty.util.thread.QueuedThreadPool - Waiting for Thread[qtp899675353-44,5,main] for 499
11:58:44.198 [qtp899675353-45] DEBUG org.eclipse.jetty.util.thread.QueuedThreadPool - ran org.eclipse.jetty.util.thread.QueuedThreadPool$$Lambda$409/0x00000001221f0b18@36119ddb in QueuedThreadPool[qtp899675353]@359ff4d9{STOPPING,8<=0<=14,i=7,r=-1,q=0}[NO_TRY]
11:58:44.199 [qtp899675353-49] DEBUG org.eclipse.jetty.util.thread.QueuedThreadPool - Thread[qtp899675353-49,5,main] exited for QueuedThreadPool[qtp899675353]@359ff4d9{STOPPING,8<=0<=14,i=7,r=-1,q=0}[NO_TRY]
11:58:44.198 [qtp899675353-46] DEBUG org.eclipse.jetty.util.thread.QueuedThreadPool - Thread[qtp899675353-46,5,main] exited for QueuedThreadPool[qtp899675353]@359ff4d9{STOPPING,8<=0<=14,i=7,r=-1,q=0}[NO_TRY]
11:58:44.199 [qtp899675353-45] DEBUG org.eclipse.jetty.util.thread.QueuedThreadPool - Thread[qtp899675353-45,5,main] exited for QueuedThreadPool[qtp899675353]@359ff4d9{STOPPING,8<=0<=14,i=7,r=-1,q=0}[NO_TRY]
11:58:44.198 [qtp899675353-50] DEBUG org.eclipse.jetty.util.thread.QueuedThreadPool - ran org.eclipse.jetty.util.thread.QueuedThreadPool$$Lambda$409/0x00000001221f0b18@36119ddb in QueuedThreadPool[qtp899675353]@359ff4d9{STOPPING,8<=0<=14,i=7,r=-1,q=0}[NO_TRY]
11:58:44.198 [qtp899675353-48] DEBUG org.eclipse.jetty.util.thread.QueuedThreadPool - Thread[qtp899675353-48,5,main] exited for QueuedThreadPool[qtp899675353]@359ff4d9{STOPPING,8<=0<=14,i=7,r=-1,q=0}[NO_TRY]
11:58:44.199 [qtp899675353-51] DEBUG org.eclipse.jetty.util.thread.QueuedThreadPool - Thread[qtp899675353-51,5,main] exited for QueuedThreadPool[qtp899675353]@359ff4d9{STOPPING,8<=0<=14,i=7,r=-1,q=0}[NO_TRY]
11:58:44.199 [Test worker] DEBUG org.eclipse.jetty.util.thread.QueuedThreadPool - Waiting for Thread[qtp899675353-50,5,main] for 499
11:58:44.199 [qtp899675353-50] DEBUG org.eclipse.jetty.util.thread.QueuedThreadPool - Thread[qtp899675353-50,5,main] exited for QueuedThreadPool[qtp899675353]@359ff4d9{STOPPING,8<=0<=14,i=7,r=-1,q=0}[NO_TRY]
11:58:44.199 [Test worker] DEBUG org.eclipse.jetty.util.component.AbstractLifeCycle - STOPPED QueuedThreadPool[qtp899675353]@359ff4d9{STOPPED,8<=0<=14,i=7,r=-1,q=0}[NO_TRY]
11:58:44.199 [Test worker] DEBUG org.eclipse.jetty.util.component.AbstractLifeCycle - STOPPED Server@7a22a3c2{STOPPED}[9.4.31.v20200723]
]]></system-out>
  <system-err><![CDATA[]]></system-err>
</testsuite>
